#
# A fatal error has been detected by the Java Runtime Environment:
#
#  SIGSEGV (0xb) at pc=0x00007ff6ab05dec5, pid=13078, tid=13100
#
# JRE version: OpenJDK Runtime Environment (9.0) (build 9-internal+0-2016-04-14-195246.buildd.src)
# Java VM: OpenJDK 64-Bit Server VM (9-internal+0-2016-04-14-195246.buildd.src, mixed mode, tiered, compressed oops, g1 gc, linux-amd64)
# Problematic frame:
# V  [libjvm.so+0x877ec5]
#
# Core dump will be written. Default location: Core dumps may be processed with "/usr/share/apport/apport %p %s %c %P" (or dumping to /home/caw0086/IdeaProjects/COMP2210-Assignments/core.13078)
#
# If you would like to submit a bug report, please visit:
#   http://bugreport.java.com/bugreport/crash.jsp
#

---------------  S U M M A R Y ------------

Command Line: -agentlib:jdwp=transport=dt_socket,address=127.0.0.1:36677,suspend=y,server=n -Dfile.encoding=UTF-8 A6.ExampleClient

Host: Intel(R) Core(TM) i5-7200U CPU @ 2.50GHz, 4 cores, 7G, elementary OS 0.4 Loki
Time: Mon Apr 17 19:08:11 2017 CDT elapsed time: 72 seconds (0d 0h 1m 12s)

---------------  T H R E A D  ---------------

Current thread (0x00007ff6a413c800):  VMThread [stack: 0x00007ff664109000,0x00007ff66420a000] [id=13100]

Stack: [0x00007ff664109000,0x00007ff66420a000],  sp=0x00007ff664207e50,  free space=1019k
Native frames: (J=compiled Java code, j=interpreted, Vv=VM code, C=native code)
V  [libjvm.so+0x877ec5]
V  [libjvm.so+0x763b68]
V  [libjvm.so+0x767dbf]
V  [libjvm.so+0x76841d]
V  [libjvm.so+0x66bb16]
V  [libjvm.so+0x7040c5]
V  [libjvm.so+0x7061ca]
V  [libjvm.so+0x708874]
V  [libjvm.so+0x70aee7]
V  [libjvm.so+0x70b2ab]
V  [libjvm.so+0xa32d67]
V  [libjvm.so+0xa33a5b]
V  [libjvm.so+0xa34375]
V  [libjvm.so+0xa346de]
V  [libjvm.so+0x9d3923]
V  [libjvm.so+0x888a59]
V  [libjvm.so+0xc214d4]
V  [libjvm.so+0xc1f8dc]
V  [libjvm.so+0xc1fffa]
V  [libjvm.so+0xc20571]
V  [libjvm.so+0xa454a0]


siginfo: si_signo: 11 (SIGSEGV), si_code: 1 (SEGV_MAPERR), si_addr: 0x0000000000000031

Register to memory mapping:

RAX=0x00007ff664207e70 is an unknown value
RBX=0x00007ff6a413c800 is an unknown value
RCX=0x0000000000000014 is an unknown value
RDX=0x0000000000000001 is an unknown value
RSP=0x00007ff664207e50 is an unknown value
RBP=0x00007ff664207f90 is an unknown value
RSI=0x00007ff6a413d8e0 is an unknown value
RDI=0x00007ff6ab8f5fe0: <offset 0x000000000110ffe0> in /usr/lib/jvm/java-9-openjdk-amd64/lib/amd64/server/libjvm.so at 0x00007ff6aa7e6000
R8 ={method} {0x00007ff65d82a448} '<init>' '(Ljava/lang/String;Ljava/lang/Throwable;)V' in 'java/lang/LinkageError'
R9 =0x0000000000000005 is an unknown value
R10=0x0000000000000004 is an unknown value
R11=0x0000000000000020 is an unknown value
R12=
[error occurred during error reporting (printing register info), id 0xb]

Registers:
RAX=0x00007ff664207e70, RBX=0x00007ff6a413c800, RCX=0x0000000000000014, RDX=0x0000000000000001
RSP=0x00007ff664207e50, RBP=0x00007ff664207f90, RSI=0x00007ff6a413d8e0, RDI=0x00007ff6ab8f5fe0
R8 =0x00007ff65d82a448, R9 =0x0000000000000005, R10=0x0000000000000004, R11=0x0000000000000020
R12=0x000000008f84e1d0, R13=0x0000000100004460, R14=0x0000000100004460, R15=0x0000000000000001
RIP=0x00007ff6ab05dec5, EFLAGS=0x0000000000010202, CSGSFS=0x0000000000000033, ERR=0x0000000000000004
  TRAPNO=0x000000000000000e

Top of Stack: (sp=0x00007ff664207e50)
0x00007ff664207e50:   00007ff664207ea0 00007ff664207e70
0x00007ff664207e60:   00007ff6a413c9d8 56e922a8abac5a00
0x00007ff664207e70:   00007ff664207f10 00007ff6a413c800
0x00007ff664207e80:   00007ff664207f10 00007ff65d82a2d8
0x00007ff664207e90:   0000000000000017 00007ff63c3e6480
0x00007ff664207ea0:   00007ff6a413c800 00007ff6a413cb00
0x00007ff664207eb0:   00007ff6a413cb40 00007ff6a413cb60
0x00007ff664207ec0:   00007ff6a413cc28 00000000000000d8
0x00007ff664207ed0:   00007ff6642080d0 00007ff65d82a2d8
0x00007ff664207ee0:   0000001700000001 0000000000000000
0x00007ff664207ef0:   00007ff664207f00 00007ff664207f20
0x00007ff664207f00:   00007ff65d82a448 00007ff6a413c800
0x00007ff664207f10:   00007ff65d82a448 00000001a413c800
0x00007ff664207f20:   00007ff6a413c800 00007ff6a413cb00
0x00007ff664207f30:   00007ff6a413cb40 00007ff6a413cb60
0x00007ff664207f40:   00007ff664207f70 00007ff6ab0963da
0x00007ff664207f50:   00007ff63c3e6540 56e922a8abac5a00
0x00007ff664207f60:   0000000100004460 00007ff6a413c800
0x00007ff664207f70:   00007ff664207fc0 0000000100004460
0x00007ff664207f80:   00007ff664208010 0000000000000000
0x00007ff664207f90:   00007ff664208090 00007ff6aaf49b68
0x00007ff664207fa0:   0000000000000000 00007ff600000000
0x00007ff664207fb0:   4fffffff00000001 0000000000000001
0x00007ff664207fc0:   00007ff6a413c800 00007ff6a413cb58
0x00007ff664207fd0:   0000000000000019 00007ff6a40e7501
0x00007ff664207fe0:   00007ff6a413bb60 00007ff63c3e60f0
0x00007ff664207ff0:   00007ff63c3e6480 00007ff63c3ee0d8
0x00007ff664208000:   00000000000083b0 00007ff664208040
0x00007ff664208010:   0000000000000000 00000010c5942072
0x00007ff664208020:   00007ff664208601 00007ff6a401daf0
0x00007ff664208030:   00007ff6a401db60 00007ff6a401dc60
0x00007ff664208040:   000000008f8491d4 000000008f8491f0 

Instructions: (pc=0x00007ff6ab05dec5)
0x00007ff6ab05dea5:   fe ff ff 48 89 85 c8 fe ff ff eb 14 0f 1f 80 00
0x00007ff6ab05deb5:   00 00 00 4d 8b 7f 10 4d 85 ff 0f 84 2f 01 00 00
0x00007ff6ab05dec5:   41 f6 47 30 80 74 ec 4d 8b 6f 08 4c 89 ef e8 98
0x00007ff6ab05ded5:   4d ff ff 83 f8 02 74 db 48 8d 05 fc a7 8d 00 4c 

VM_Operation (0x00007ff6431c9a60): GetOrSetLocal, mode: safepoint, requested by thread 0x00007ff6a421c800


---------------  P R O C E S S  ---------------

Java Threads: ( => current thread )
  0x00007ff6a4222000 JavaThread "Service Thread" daemon [_thread_blocked, id=13118, stack(0x00007ff642dc7000,0x00007ff642ec8000)]
  0x00007ff624001000 JavaThread "JDWP Command Reader" daemon [_thread_in_native, id=13116, stack(0x00007ff642ec8000,0x00007ff642fc9000)]
  0x00007ff6a4220800 JavaThread "JDWP Event Helper Thread" daemon [_thread_blocked, id=13114, stack(0x00007ff642fc9000,0x00007ff6430ca000)]
  0x00007ff6a421c800 JavaThread "JDWP Transport Listener: dt_socket" daemon [_thread_blocked, id=13112, stack(0x00007ff6430ca000,0x00007ff6431cb000)]
  0x00007ff6a4177000 JavaThread "Common-Cleaner" daemon [_thread_blocked, id=13109, stack(0x00007ff6433d0000,0x00007ff6434d1000)]
  0x00007ff6a4168000 JavaThread "Sweeper thread" daemon [_thread_blocked, id=13108, stack(0x00007ff643bfc000,0x00007ff643cfd000)]
  0x00007ff6a4166000 JavaThread "C1 CompilerThread2" daemon [_thread_blocked, id=13107, stack(0x00007ff643cfd000,0x00007ff643dfe000)]
  0x00007ff6a4164000 JavaThread "C2 CompilerThread1" daemon [_thread_blocked, id=13106, stack(0x00007ff643dfe000,0x00007ff643eff000)]
  0x00007ff6a4162800 JavaThread "C2 CompilerThread0" daemon [_thread_blocked, id=13105, stack(0x00007ff643eff000,0x00007ff644000000)]
  0x00007ff6a415e000 JavaThread "Signal Dispatcher" daemon [_thread_blocked, id=13104, stack(0x00007ff65c0ad000,0x00007ff65c1ae000)]
  0x00007ff6a415c000 JavaThread "Surrogate Locker Thread (Concurrent GC)" daemon [_thread_blocked, id=13103, stack(0x00007ff65c1ae000,0x00007ff65c2af000)]
  0x00007ff6a414a800 JavaThread "Finalizer" daemon [_thread_blocked, id=13102, stack(0x00007ff65d6ff000,0x00007ff65d800000)]
  0x00007ff6a4146800 JavaThread "Reference Handler" daemon [_thread_blocked, id=13101, stack(0x00007ff664008000,0x00007ff664109000)]
  0x00007ff6a4012800 JavaThread "main" [_thread_blocked, id=13081, stack(0x00007ff6ac680000,0x00007ff6ac781000)]

Other Threads:
=>0x00007ff6a413c800 VMThread [stack: 0x00007ff664109000,0x00007ff66420a000] [id=13100]
  0x00007ff6a4225000 WatcherThread [stack: 0x00007ff642cc6000,0x00007ff642dc7000] [id=13119]

Threads with active compile tasks:

VM state:at safepoint (normal execution)

VM Mutex/Monitor currently owned by a thread:  ([mutex/lock_event])
[0x00007ff6a400e920] Threads_lock - owner thread: 0x00007ff6a413c800

heap address: 0x0000000085000000, size: 1968 MB, Compressed Oops mode: 32-bit
Narrow klass base: 0x0000000000000000, Narrow klass shift: 3
Compressed class space size: 1073741824 Address: 0x0000000100000000

Heap:
 garbage-first heap   total 233472K, used 84864K [0x0000000085000000, 0x0000000085100720, 0x0000000100000000)
  region size 1024K, 73 young (74752K), 12 survivors (12288K)
 Metaspace       used 5407K, capacity 5546K, committed 5760K, reserved 1056768K
  class space    used 527K, capacity 567K, committed 640K, reserved 1048576K

Heap Regions: E=young(eden), S=young(survivor), O=old, HS=humongous(starts), HC=humongous(continues), CS=collection set, F=free, A=archive, TS=gc time stamp, AC=allocation context, TAMS=top-at-mark-start (previous, next)
|   0|0x0000000085000000, 0x0000000085100000, 0x0000000085100000|100%| O|  |TS  7|AC  0|TAMS 0x0000000085000000, 0x0000000085000000|
|   1|0x0000000085100000, 0x0000000085200000, 0x0000000085200000|100%| O|  |TS  7|AC  0|TAMS 0x0000000085100000, 0x0000000085100000|
|   2|0x0000000085200000, 0x0000000085300000, 0x0000000085300000|100%| O|  |TS  7|AC  0|TAMS 0x0000000085200000, 0x0000000085200000|
|   3|0x0000000085300000, 0x0000000085400000, 0x0000000085400000|100%| O|  |TS  7|AC  0|TAMS 0x0000000085300000, 0x0000000085300000|
|   4|0x0000000085400000, 0x0000000085500000, 0x0000000085500000|100%| O|  |TS  9|AC  0|TAMS 0x0000000085400000, 0x0000000085400000|
|   5|0x0000000085500000, 0x0000000085600000, 0x0000000085600000|100%| O|  |TS  9|AC  0|TAMS 0x0000000085500000, 0x0000000085500000|
|   6|0x0000000085600000, 0x0000000085700000, 0x0000000085700000|100%| O|  |TS  9|AC  0|TAMS 0x0000000085600000, 0x0000000085600000|
|   7|0x0000000085700000, 0x0000000085800000, 0x0000000085800000|100%| O|  |TS 11|AC  0|TAMS 0x0000000085700000, 0x0000000085700000|
|   8|0x0000000085800000, 0x0000000085900000, 0x0000000085900000|100%| O|  |TS 11|AC  0|TAMS 0x0000000085800000, 0x0000000085800000|
|   9|0x0000000085900000, 0x0000000085a00000, 0x0000000085a00000|100%| O|  |TS 11|AC  0|TAMS 0x0000000085900000, 0x0000000085900000|
|  10|0x0000000085a00000, 0x0000000085b00000, 0x0000000085b00000|100%| O|  |TS 11|AC  0|TAMS 0x0000000085a00000, 0x0000000085a00000|
|  11|0x0000000085b00000, 0x0000000085b20000, 0x0000000085c00000| 12%| O|  |TS 13|AC  0|TAMS 0x0000000085b00000, 0x0000000085b00000|
|  12|0x0000000085c00000, 0x0000000085c00000, 0x0000000085d00000|  0%| F|  |TS  0|AC  0|TAMS 0x0000000085c00000, 0x0000000085c00000|
|  13|0x0000000085d00000, 0x0000000085d00000, 0x0000000085e00000|  0%| F|  |TS  0|AC  0|TAMS 0x0000000085d00000, 0x0000000085d00000|
|  14|0x0000000085e00000, 0x0000000085e00000, 0x0000000085f00000|  0%| F|  |TS  0|AC  0|TAMS 0x0000000085e00000, 0x0000000085e00000|
|  15|0x0000000085f00000, 0x0000000085f00000, 0x0000000086000000|  0%| F|  |TS  0|AC  0|TAMS 0x0000000085f00000, 0x0000000085f00000|
|  16|0x0000000086000000, 0x0000000086000000, 0x0000000086100000|  0%| F|  |TS  0|AC  0|TAMS 0x0000000086000000, 0x0000000086000000|
|  17|0x0000000086100000, 0x0000000086100000, 0x0000000086200000|  0%| F|  |TS  0|AC  0|TAMS 0x0000000086100000, 0x0000000086100000|
|  18|0x0000000086200000, 0x0000000086200000, 0x0000000086300000|  0%| F|  |TS  0|AC  0|TAMS 0x0000000086200000, 0x0000000086200000|
|  19|0x0000000086300000, 0x0000000086300000, 0x0000000086400000|  0%| F|  |TS  0|AC  0|TAMS 0x0000000086300000, 0x0000000086300000|
|  20|0x0000000086400000, 0x0000000086400000, 0x0000000086500000|  0%| F|  |TS  0|AC  0|TAMS 0x0000000086400000, 0x0000000086400000|
|  21|0x0000000086500000, 0x0000000086500000, 0x0000000086600000|  0%| F|  |TS  0|AC  0|TAMS 0x0000000086500000, 0x0000000086500000|
|  22|0x0000000086600000, 0x0000000086600000, 0x0000000086700000|  0%| F|  |TS  0|AC  0|TAMS 0x0000000086600000, 0x0000000086600000|
|  23|0x0000000086700000, 0x0000000086700000, 0x0000000086800000|  0%| F|  |TS  0|AC  0|TAMS 0x0000000086700000, 0x0000000086700000|
|  24|0x0000000086800000, 0x0000000086800000, 0x0000000086900000|  0%| F|  |TS  0|AC  0|TAMS 0x0000000086800000, 0x0000000086800000|
|  25|0x0000000086900000, 0x0000000086900000, 0x0000000086a00000|  0%| F|  |TS  0|AC  0|TAMS 0x0000000086900000, 0x0000000086900000|
|  26|0x0000000086a00000, 0x0000000086a00000, 0x0000000086b00000|  0%| F|  |TS  0|AC  0|TAMS 0x0000000086a00000, 0x0000000086a00000|
|  27|0x0000000086b00000, 0x0000000086b00000, 0x0000000086c00000|  0%| F|  |TS  0|AC  0|TAMS 0x0000000086b00000, 0x0000000086b00000|
|  28|0x0000000086c00000, 0x0000000086c00000, 0x0000000086d00000|  0%| F|  |TS  0|AC  0|TAMS 0x0000000086c00000, 0x0000000086c00000|
|  29|0x0000000086d00000, 0x0000000086d00000, 0x0000000086e00000|  0%| F|  |TS  0|AC  0|TAMS 0x0000000086d00000, 0x0000000086d00000|
|  30|0x0000000086e00000, 0x0000000086e00000, 0x0000000086f00000|  0%| F|  |TS  0|AC  0|TAMS 0x0000000086e00000, 0x0000000086e00000|
|  31|0x0000000086f00000, 0x0000000086f00000, 0x0000000087000000|  0%| F|  |TS  0|AC  0|TAMS 0x0000000086f00000, 0x0000000086f00000|
|  32|0x0000000087000000, 0x0000000087000000, 0x0000000087100000|  0%| F|  |TS  0|AC  0|TAMS 0x0000000087000000, 0x0000000087000000|
|  33|0x0000000087100000, 0x0000000087100000, 0x0000000087200000|  0%| F|  |TS  0|AC  0|TAMS 0x0000000087100000, 0x0000000087100000|
|  34|0x0000000087200000, 0x0000000087200000, 0x0000000087300000|  0%| F|  |TS  0|AC  0|TAMS 0x0000000087200000, 0x0000000087200000|
|  35|0x0000000087300000, 0x0000000087300000, 0x0000000087400000|  0%| F|  |TS  0|AC  0|TAMS 0x0000000087300000, 0x0000000087300000|
|  36|0x0000000087400000, 0x0000000087400000, 0x0000000087500000|  0%| F|  |TS  0|AC  0|TAMS 0x0000000087400000, 0x0000000087400000|
|  37|0x0000000087500000, 0x0000000087500000, 0x0000000087600000|  0%| F|  |TS  0|AC  0|TAMS 0x0000000087500000, 0x0000000087500000|
|  38|0x0000000087600000, 0x0000000087600000, 0x0000000087700000|  0%| F|  |TS  0|AC  0|TAMS 0x0000000087600000, 0x0000000087600000|
|  39|0x0000000087700000, 0x0000000087700000, 0x0000000087800000|  0%| F|  |TS  0|AC  0|TAMS 0x0000000087700000, 0x0000000087700000|
|  40|0x0000000087800000, 0x0000000087800000, 0x0000000087900000|  0%| F|  |TS  0|AC  0|TAMS 0x0000000087800000, 0x0000000087800000|
|  41|0x0000000087900000, 0x0000000087900000, 0x0000000087a00000|  0%| F|  |TS  0|AC  0|TAMS 0x0000000087900000, 0x0000000087900000|
|  42|0x0000000087a00000, 0x0000000087a00000, 0x0000000087b00000|  0%| F|  |TS  5|AC  0|TAMS 0x0000000087a00000, 0x0000000087a00000|
|  43|0x0000000087b00000, 0x0000000087b00000, 0x0000000087c00000|  0%| F|  |TS  9|AC  0|TAMS 0x0000000087b00000, 0x0000000087b00000|
|  44|0x0000000087c00000, 0x0000000087c00000, 0x0000000087d00000|  0%| F|  |TS  9|AC  0|TAMS 0x0000000087c00000, 0x0000000087c00000|
|  45|0x0000000087d00000, 0x0000000087d00000, 0x0000000087e00000|  0%| F|  |TS  9|AC  0|TAMS 0x0000000087d00000, 0x0000000087d00000|
|  46|0x0000000087e00000, 0x0000000087e00000, 0x0000000087f00000|  0%| F|  |TS  7|AC  0|TAMS 0x0000000087e00000, 0x0000000087e00000|
|  47|0x0000000087f00000, 0x0000000087f00000, 0x0000000088000000|  0%| F|  |TS  7|AC  0|TAMS 0x0000000087f00000, 0x0000000087f00000|
|  48|0x0000000088000000, 0x0000000088000000, 0x0000000088100000|  0%| F|  |TS  7|AC  0|TAMS 0x0000000088000000, 0x0000000088000000|
|  49|0x0000000088100000, 0x0000000088100000, 0x0000000088200000|  0%| F|  |TS  7|AC  0|TAMS 0x0000000088100000, 0x0000000088100000|
|  50|0x0000000088200000, 0x0000000088200000, 0x0000000088300000|  0%| F|  |TS  9|AC  0|TAMS 0x0000000088200000, 0x0000000088200000|
|  51|0x0000000088300000, 0x0000000088300000, 0x0000000088400000|  0%| F|  |TS  9|AC  0|TAMS 0x0000000088300000, 0x0000000088300000|
|  52|0x0000000088400000, 0x0000000088400000, 0x0000000088500000|  0%| F|  |TS  9|AC  0|TAMS 0x0000000088400000, 0x0000000088400000|
|  53|0x0000000088500000, 0x0000000088500000, 0x0000000088600000|  0%| F|  |TS  9|AC  0|TAMS 0x0000000088500000, 0x0000000088500000|
|  54|0x0000000088600000, 0x0000000088600000, 0x0000000088700000|  0%| F|  |TS  5|AC  0|TAMS 0x0000000088600000, 0x0000000088600000|
|  55|0x0000000088700000, 0x0000000088700000, 0x0000000088800000|  0%| F|  |TS  7|AC  0|TAMS 0x0000000088700000, 0x0000000088700000|
|  56|0x0000000088800000, 0x0000000088800000, 0x0000000088900000|  0%| F|  |TS  7|AC  0|TAMS 0x0000000088800000, 0x0000000088800000|
|  57|0x0000000088900000, 0x0000000088900000, 0x0000000088a00000|  0%| F|  |TS  7|AC  0|TAMS 0x0000000088900000, 0x0000000088900000|
|  58|0x0000000088a00000, 0x0000000088a00000, 0x0000000088b00000|  0%| F|  |TS  0|AC  0|TAMS 0x0000000088a00000, 0x0000000088a00000|
|  59|0x0000000088b00000, 0x0000000088b00000, 0x0000000088c00000|  0%| F|  |TS  0|AC  0|TAMS 0x0000000088b00000, 0x0000000088b00000|
|  60|0x0000000088c00000, 0x0000000088c00000, 0x0000000088d00000|  0%| F|  |TS  0|AC  0|TAMS 0x0000000088c00000, 0x0000000088c00000|
|  61|0x0000000088d00000, 0x0000000088d00000, 0x0000000088e00000|  0%| F|  |TS  0|AC  0|TAMS 0x0000000088d00000, 0x0000000088d00000|
|  62|0x0000000088e00000, 0x0000000088e00000, 0x0000000088f00000|  0%| F|  |TS  0|AC  0|TAMS 0x0000000088e00000, 0x0000000088e00000|
|  63|0x0000000088f00000, 0x0000000088f00000, 0x0000000089000000|  0%| F|  |TS  0|AC  0|TAMS 0x0000000088f00000, 0x0000000088f00000|
|  64|0x0000000089000000, 0x0000000089000000, 0x0000000089100000|  0%| F|  |TS  0|AC  0|TAMS 0x0000000089000000, 0x0000000089000000|
|  65|0x0000000089100000, 0x0000000089100000, 0x0000000089200000|  0%| F|  |TS  0|AC  0|TAMS 0x0000000089100000, 0x0000000089100000|
|  66|0x0000000089200000, 0x0000000089200000, 0x0000000089300000|  0%| F|  |TS  0|AC  0|TAMS 0x0000000089200000, 0x0000000089200000|
|  67|0x0000000089300000, 0x0000000089300000, 0x0000000089400000|  0%| F|  |TS  0|AC  0|TAMS 0x0000000089300000, 0x0000000089300000|
|  68|0x0000000089400000, 0x0000000089400000, 0x0000000089500000|  0%| F|  |TS  0|AC  0|TAMS 0x0000000089400000, 0x0000000089400000|
|  69|0x0000000089500000, 0x0000000089500000, 0x0000000089600000|  0%| F|  |TS  0|AC  0|TAMS 0x0000000089500000, 0x0000000089500000|
|  70|0x0000000089600000, 0x0000000089600000, 0x0000000089700000|  0%| F|  |TS  0|AC  0|TAMS 0x0000000089600000, 0x0000000089600000|
|  71|0x0000000089700000, 0x0000000089700000, 0x0000000089800000|  0%| F|  |TS  0|AC  0|TAMS 0x0000000089700000, 0x0000000089700000|
|  72|0x0000000089800000, 0x0000000089800000, 0x0000000089900000|  0%| F|  |TS  0|AC  0|TAMS 0x0000000089800000, 0x0000000089800000|
|  73|0x0000000089900000, 0x0000000089900000, 0x0000000089a00000|  0%| F|  |TS  0|AC  0|TAMS 0x0000000089900000, 0x0000000089900000|
|  74|0x0000000089a00000, 0x0000000089a00000, 0x0000000089b00000|  0%| F|  |TS  0|AC  0|TAMS 0x0000000089a00000, 0x0000000089a00000|
|  75|0x0000000089b00000, 0x0000000089b00000, 0x0000000089c00000|  0%| F|  |TS  0|AC  0|TAMS 0x0000000089b00000, 0x0000000089b00000|
|  76|0x0000000089c00000, 0x0000000089c00000, 0x0000000089d00000|  0%| F|  |TS  0|AC  0|TAMS 0x0000000089c00000, 0x0000000089c00000|
|  77|0x0000000089d00000, 0x0000000089d00000, 0x0000000089e00000|  0%| F|  |TS  0|AC  0|TAMS 0x0000000089d00000, 0x0000000089d00000|
|  78|0x0000000089e00000, 0x0000000089e00000, 0x0000000089f00000|  0%| F|  |TS  0|AC  0|TAMS 0x0000000089e00000, 0x0000000089e00000|
|  79|0x0000000089f00000, 0x0000000089f00000, 0x000000008a000000|  0%| F|  |TS  0|AC  0|TAMS 0x0000000089f00000, 0x0000000089f00000|
|  80|0x000000008a000000, 0x000000008a000000, 0x000000008a100000|  0%| F|  |TS  0|AC  0|TAMS 0x000000008a000000, 0x000000008a000000|
|  81|0x000000008a100000, 0x000000008a100000, 0x000000008a200000|  0%| F|  |TS  0|AC  0|TAMS 0x000000008a100000, 0x000000008a100000|
|  82|0x000000008a200000, 0x000000008a200000, 0x000000008a300000|  0%| F|  |TS  0|AC  0|TAMS 0x000000008a200000, 0x000000008a200000|
|  83|0x000000008a300000, 0x000000008a300000, 0x000000008a400000|  0%| F|  |TS  0|AC  0|TAMS 0x000000008a300000, 0x000000008a300000|
|  84|0x000000008a400000, 0x000000008a400000, 0x000000008a500000|  0%| F|  |TS  0|AC  0|TAMS 0x000000008a400000, 0x000000008a400000|
|  85|0x000000008a500000, 0x000000008a500000, 0x000000008a600000|  0%| F|  |TS  0|AC  0|TAMS 0x000000008a500000, 0x000000008a500000|
|  86|0x000000008a600000, 0x000000008a600000, 0x000000008a700000|  0%| F|  |TS  0|AC  0|TAMS 0x000000008a600000, 0x000000008a600000|
|  87|0x000000008a700000, 0x000000008a700000, 0x000000008a800000|  0%| F|  |TS  0|AC  0|TAMS 0x000000008a700000, 0x000000008a700000|
|  88|0x000000008a800000, 0x000000008a800000, 0x000000008a900000|  0%| F|  |TS  0|AC  0|TAMS 0x000000008a800000, 0x000000008a800000|
|  89|0x000000008a900000, 0x000000008a900000, 0x000000008aa00000|  0%| F|  |TS  0|AC  0|TAMS 0x000000008a900000, 0x000000008a900000|
|  90|0x000000008aa00000, 0x000000008aa00000, 0x000000008ab00000|  0%| F|  |TS  0|AC  0|TAMS 0x000000008aa00000, 0x000000008aa00000|
|  91|0x000000008ab00000, 0x000000008ab00000, 0x000000008ac00000|  0%| F|  |TS  0|AC  0|TAMS 0x000000008ab00000, 0x000000008ab00000|
|  92|0x000000008ac00000, 0x000000008ac00000, 0x000000008ad00000|  0%| F|  |TS  0|AC  0|TAMS 0x000000008ac00000, 0x000000008ac00000|
|  93|0x000000008ad00000, 0x000000008ad00000, 0x000000008ae00000|  0%| F|  |TS  0|AC  0|TAMS 0x000000008ad00000, 0x000000008ad00000|
|  94|0x000000008ae00000, 0x000000008ae00000, 0x000000008af00000|  0%| F|  |TS  0|AC  0|TAMS 0x000000008ae00000, 0x000000008ae00000|
|  95|0x000000008af00000, 0x000000008af00000, 0x000000008b000000|  0%| F|  |TS  0|AC  0|TAMS 0x000000008af00000, 0x000000008af00000|
|  96|0x000000008b000000, 0x000000008b000000, 0x000000008b100000|  0%| F|  |TS  0|AC  0|TAMS 0x000000008b000000, 0x000000008b000000|
|  97|0x000000008b100000, 0x000000008b100000, 0x000000008b200000|  0%| F|  |TS  0|AC  0|TAMS 0x000000008b100000, 0x000000008b100000|
|  98|0x000000008b200000, 0x000000008b200000, 0x000000008b300000|  0%| F|  |TS  0|AC  0|TAMS 0x000000008b200000, 0x000000008b200000|
|  99|0x000000008b300000, 0x000000008b300000, 0x000000008b400000|  0%| F|  |TS  0|AC  0|TAMS 0x000000008b300000, 0x000000008b300000|
| 100|0x000000008b400000, 0x000000008b400000, 0x000000008b500000|  0%| F|  |TS  0|AC  0|TAMS 0x000000008b400000, 0x000000008b400000|
| 101|0x000000008b500000, 0x000000008b500000, 0x000000008b600000|  0%| F|  |TS  0|AC  0|TAMS 0x000000008b500000, 0x000000008b500000|
| 102|0x000000008b600000, 0x000000008b600000, 0x000000008b700000|  0%| F|  |TS  0|AC  0|TAMS 0x000000008b600000, 0x000000008b600000|
| 103|0x000000008b700000, 0x000000008b700000, 0x000000008b800000|  0%| F|  |TS  0|AC  0|TAMS 0x000000008b700000, 0x000000008b700000|
| 104|0x000000008b800000, 0x000000008b800000, 0x000000008b900000|  0%| F|  |TS  0|AC  0|TAMS 0x000000008b800000, 0x000000008b800000|
| 105|0x000000008b900000, 0x000000008b900000, 0x000000008ba00000|  0%| F|  |TS  0|AC  0|TAMS 0x000000008b900000, 0x000000008b900000|
| 106|0x000000008ba00000, 0x000000008ba00000, 0x000000008bb00000|  0%| F|  |TS  0|AC  0|TAMS 0x000000008ba00000, 0x000000008ba00000|
| 107|0x000000008bb00000, 0x000000008bbc0000, 0x000000008bc00000| 75%| S|CS|TS 13|AC  0|TAMS 0x000000008bb00000, 0x000000008bb00000|
| 108|0x000000008bc00000, 0x000000008bd00000, 0x000000008bd00000|100%| S|CS|TS 13|AC  0|TAMS 0x000000008bc00000, 0x000000008bc00000|
| 109|0x000000008bd00000, 0x000000008be00000, 0x000000008be00000|100%| S|CS|TS 13|AC  0|TAMS 0x000000008bd00000, 0x000000008bd00000|
| 110|0x000000008be00000, 0x000000008bf00000, 0x000000008bf00000|100%| S|CS|TS 13|AC  0|TAMS 0x000000008be00000, 0x000000008be00000|
| 111|0x000000008bf00000, 0x000000008c000000, 0x000000008c000000|100%| S|CS|TS 13|AC  0|TAMS 0x000000008bf00000, 0x000000008bf00000|
| 112|0x000000008c000000, 0x000000008c100000, 0x000000008c100000|100%| S|CS|TS 13|AC  0|TAMS 0x000000008c000000, 0x000000008c000000|
| 113|0x000000008c100000, 0x000000008c200000, 0x000000008c200000|100%| S|CS|TS 13|AC  0|TAMS 0x000000008c100000, 0x000000008c100000|
| 114|0x000000008c200000, 0x000000008c300000, 0x000000008c300000|100%| S|CS|TS 13|AC  0|TAMS 0x000000008c200000, 0x000000008c200000|
| 115|0x000000008c300000, 0x000000008c400000, 0x000000008c400000|100%| S|CS|TS 13|AC  0|TAMS 0x000000008c300000, 0x000000008c300000|
| 116|0x000000008c400000, 0x000000008c500000, 0x000000008c500000|100%| S|CS|TS 13|AC  0|TAMS 0x000000008c400000, 0x000000008c400000|
| 117|0x000000008c500000, 0x000000008c600000, 0x000000008c600000|100%| S|CS|TS 13|AC  0|TAMS 0x000000008c500000, 0x000000008c500000|
| 118|0x000000008c600000, 0x000000008c700000, 0x000000008c700000|100%| S|CS|TS 13|AC  0|TAMS 0x000000008c600000, 0x000000008c600000|
| 119|0x000000008c700000, 0x000000008c700000, 0x000000008c800000|  0%| F|  |TS  0|AC  0|TAMS 0x000000008c700000, 0x000000008c700000|
| 120|0x000000008c800000, 0x000000008c800000, 0x000000008c900000|  0%| F|  |TS  0|AC  0|TAMS 0x000000008c800000, 0x000000008c800000|
| 121|0x000000008c900000, 0x000000008c900000, 0x000000008ca00000|  0%| F|  |TS  0|AC  0|TAMS 0x000000008c900000, 0x000000008c900000|
| 122|0x000000008ca00000, 0x000000008ca00000, 0x000000008cb00000|  0%| F|  |TS  0|AC  0|TAMS 0x000000008ca00000, 0x000000008ca00000|
| 123|0x000000008cb00000, 0x000000008cb00000, 0x000000008cc00000|  0%| F|  |TS  0|AC  0|TAMS 0x000000008cb00000, 0x000000008cb00000|
| 124|0x000000008cc00000, 0x000000008cc00000, 0x000000008cd00000|  0%| F|  |TS  9|AC  0|TAMS 0x000000008cc00000, 0x000000008cc00000|
| 125|0x000000008cd00000, 0x000000008cd00000, 0x000000008ce00000|  0%| F|  |TS  9|AC  0|TAMS 0x000000008cd00000, 0x000000008cd00000|
| 126|0x000000008ce00000, 0x000000008ce00000, 0x000000008cf00000|  0%| F|  |TS  9|AC  0|TAMS 0x000000008ce00000, 0x000000008ce00000|
| 127|0x000000008cf00000, 0x000000008cf00000, 0x000000008d000000|  0%| F|  |TS  9|AC  0|TAMS 0x000000008cf00000, 0x000000008cf00000|
| 128|0x000000008d000000, 0x000000008d000000, 0x000000008d100000|  0%| F|  |TS  9|AC  0|TAMS 0x000000008d000000, 0x000000008d000000|
| 129|0x000000008d100000, 0x000000008d100000, 0x000000008d200000|  0%| F|  |TS  9|AC  0|TAMS 0x000000008d100000, 0x000000008d100000|
| 130|0x000000008d200000, 0x000000008d200000, 0x000000008d300000|  0%| F|  |TS  9|AC  0|TAMS 0x000000008d200000, 0x000000008d200000|
| 131|0x000000008d300000, 0x000000008d300000, 0x000000008d400000|  0%| F|  |TS  9|AC  0|TAMS 0x000000008d300000, 0x000000008d300000|
| 132|0x000000008d400000, 0x000000008d400000, 0x000000008d500000|  0%| F|  |TS  9|AC  0|TAMS 0x000000008d400000, 0x000000008d400000|
| 133|0x000000008d500000, 0x000000008d500000, 0x000000008d600000|  0%| F|  |TS  9|AC  0|TAMS 0x000000008d500000, 0x000000008d500000|
| 134|0x000000008d600000, 0x000000008d600000, 0x000000008d700000|  0%| F|  |TS  9|AC  0|TAMS 0x000000008d600000, 0x000000008d600000|
| 135|0x000000008d700000, 0x000000008d700000, 0x000000008d800000|  0%| F|  |TS  9|AC  0|TAMS 0x000000008d700000, 0x000000008d700000|
| 136|0x000000008d800000, 0x000000008d800000, 0x000000008d900000|  0%| F|  |TS 11|AC  0|TAMS 0x000000008d800000, 0x000000008d800000|
| 137|0x000000008d900000, 0x000000008d900000, 0x000000008da00000|  0%| F|  |TS 11|AC  0|TAMS 0x000000008d900000, 0x000000008d900000|
| 138|0x000000008da00000, 0x000000008da00000, 0x000000008db00000|  0%| F|  |TS 11|AC  0|TAMS 0x000000008da00000, 0x000000008da00000|
| 139|0x000000008db00000, 0x000000008db00000, 0x000000008dc00000|  0%| F|  |TS 11|AC  0|TAMS 0x000000008db00000, 0x000000008db00000|
| 140|0x000000008dc00000, 0x000000008dc00000, 0x000000008dd00000|  0%| F|  |TS 11|AC  0|TAMS 0x000000008dc00000, 0x000000008dc00000|
| 141|0x000000008dd00000, 0x000000008dd00000, 0x000000008de00000|  0%| F|  |TS 11|AC  0|TAMS 0x000000008dd00000, 0x000000008dd00000|
| 142|0x000000008de00000, 0x000000008de00000, 0x000000008df00000|  0%| F|  |TS 11|AC  0|TAMS 0x000000008de00000, 0x000000008de00000|
| 143|0x000000008df00000, 0x000000008df00000, 0x000000008e000000|  0%| F|  |TS 11|AC  0|TAMS 0x000000008df00000, 0x000000008df00000|
| 144|0x000000008e000000, 0x000000008e000000, 0x000000008e100000|  0%| F|  |TS  9|AC  0|TAMS 0x000000008e000000, 0x000000008e000000|
| 145|0x000000008e100000, 0x000000008e100000, 0x000000008e200000|  0%| F|  |TS  9|AC  0|TAMS 0x000000008e100000, 0x000000008e100000|
| 146|0x000000008e200000, 0x000000008e200000, 0x000000008e300000|  0%| F|  |TS  9|AC  0|TAMS 0x000000008e200000, 0x000000008e200000|
| 147|0x000000008e300000, 0x000000008e300000, 0x000000008e400000|  0%| F|  |TS  9|AC  0|TAMS 0x000000008e300000, 0x000000008e300000|
| 148|0x000000008e400000, 0x000000008e400000, 0x000000008e500000|  0%| F|  |TS  9|AC  0|TAMS 0x000000008e400000, 0x000000008e400000|
| 149|0x000000008e500000, 0x000000008e500000, 0x000000008e600000|  0%| F|  |TS  9|AC  0|TAMS 0x000000008e500000, 0x000000008e500000|
| 150|0x000000008e600000, 0x000000008e600000, 0x000000008e700000|  0%| F|  |TS  9|AC  0|TAMS 0x000000008e600000, 0x000000008e600000|
| 151|0x000000008e700000, 0x000000008e700000, 0x000000008e800000|  0%| F|  |TS  9|AC  0|TAMS 0x000000008e700000, 0x000000008e700000|
| 152|0x000000008e800000, 0x000000008e800000, 0x000000008e900000|  0%| F|  |TS  9|AC  0|TAMS 0x000000008e800000, 0x000000008e800000|
| 153|0x000000008e900000, 0x000000008e900000, 0x000000008ea00000|  0%| F|  |TS  9|AC  0|TAMS 0x000000008e900000, 0x000000008e900000|
| 154|0x000000008ea00000, 0x000000008ea00000, 0x000000008eb00000|  0%| F|  |TS  9|AC  0|TAMS 0x000000008ea00000, 0x000000008ea00000|
| 155|0x000000008eb00000, 0x000000008eb00000, 0x000000008ec00000|  0%| F|  |TS  9|AC  0|TAMS 0x000000008eb00000, 0x000000008eb00000|
| 156|0x000000008ec00000, 0x000000008ec00000, 0x000000008ed00000|  0%| F|  |TS  9|AC  0|TAMS 0x000000008ec00000, 0x000000008ec00000|
| 157|0x000000008ed00000, 0x000000008ed00000, 0x000000008ee00000|  0%| F|  |TS  9|AC  0|TAMS 0x000000008ed00000, 0x000000008ed00000|
| 158|0x000000008ee00000, 0x000000008ee00000, 0x000000008ef00000|  0%| F|  |TS  9|AC  0|TAMS 0x000000008ee00000, 0x000000008ee00000|
| 159|0x000000008ef00000, 0x000000008ef00000, 0x000000008f000000|  0%| F|  |TS  9|AC  0|TAMS 0x000000008ef00000, 0x000000008ef00000|
| 160|0x000000008f000000, 0x000000008f000000, 0x000000008f100000|  0%| F|  |TS  9|AC  0|TAMS 0x000000008f000000, 0x000000008f000000|
| 161|0x000000008f100000, 0x000000008f100000, 0x000000008f200000|  0%| F|  |TS  9|AC  0|TAMS 0x000000008f100000, 0x000000008f100000|
| 162|0x000000008f200000, 0x000000008f200000, 0x000000008f300000|  0%| F|  |TS  9|AC  0|TAMS 0x000000008f200000, 0x000000008f200000|
| 163|0x000000008f300000, 0x000000008f300000, 0x000000008f400000|  0%| F|  |TS  9|AC  0|TAMS 0x000000008f300000, 0x000000008f300000|
| 164|0x000000008f400000, 0x000000008f400000, 0x000000008f500000|  0%| F|  |TS  9|AC  0|TAMS 0x000000008f400000, 0x000000008f400000|
| 165|0x000000008f500000, 0x000000008f500000, 0x000000008f600000|  0%| F|  |TS  9|AC  0|TAMS 0x000000008f500000, 0x000000008f500000|
| 166|0x000000008f600000, 0x000000008f600000, 0x000000008f700000|  0%| F|  |TS  9|AC  0|TAMS 0x000000008f600000, 0x000000008f600000|
| 167|0x000000008f700000, 0x000000008f700880, 0x000000008f800000|  0%| E|  |TS  9|AC  0|TAMS 0x000000008f700000, 0x000000008f700000|
| 168|0x000000008f800000, 0x000000008f900000, 0x000000008f900000|100%| E|CS|TS  9|AC  0|TAMS 0x000000008f800000, 0x000000008f800000|
| 169|0x000000008f900000, 0x000000008fa00000, 0x000000008fa00000|100%| E|CS|TS  9|AC  0|TAMS 0x000000008f900000, 0x000000008f900000|
| 170|0x000000008fa00000, 0x000000008fb00000, 0x000000008fb00000|100%| E|CS|TS  9|AC  0|TAMS 0x000000008fa00000, 0x000000008fa00000|
| 171|0x000000008fb00000, 0x000000008fc00000, 0x000000008fc00000|100%| E|CS|TS  9|AC  0|TAMS 0x000000008fb00000, 0x000000008fb00000|
| 172|0x000000008fc00000, 0x000000008fd00000, 0x000000008fd00000|100%| E|CS|TS  9|AC  0|TAMS 0x000000008fc00000, 0x000000008fc00000|
| 173|0x000000008fd00000, 0x000000008fe00000, 0x000000008fe00000|100%| E|CS|TS  9|AC  0|TAMS 0x000000008fd00000, 0x000000008fd00000|
| 174|0x000000008fe00000, 0x000000008ff00000, 0x000000008ff00000|100%| E|CS|TS  9|AC  0|TAMS 0x000000008fe00000, 0x000000008fe00000|
| 175|0x000000008ff00000, 0x0000000090000000, 0x0000000090000000|100%| E|CS|TS  9|AC  0|TAMS 0x000000008ff00000, 0x000000008ff00000|
| 176|0x0000000090000000, 0x0000000090100000, 0x0000000090100000|100%| E|CS|TS  9|AC  0|TAMS 0x0000000090000000, 0x0000000090000000|
| 177|0x0000000090100000, 0x0000000090200000, 0x0000000090200000|100%| E|CS|TS  9|AC  0|TAMS 0x0000000090100000, 0x0000000090100000|
| 178|0x0000000090200000, 0x0000000090300000, 0x0000000090300000|100%| E|CS|TS  9|AC  0|TAMS 0x0000000090200000, 0x0000000090200000|
| 179|0x0000000090300000, 0x0000000090400000, 0x0000000090400000|100%| E|CS|TS  9|AC  0|TAMS 0x0000000090300000, 0x0000000090300000|
| 180|0x0000000090400000, 0x0000000090500000, 0x0000000090500000|100%| E|CS|TS  9|AC  0|TAMS 0x0000000090400000, 0x0000000090400000|
| 181|0x0000000090500000, 0x0000000090600000, 0x0000000090600000|100%| E|CS|TS  9|AC  0|TAMS 0x0000000090500000, 0x0000000090500000|
| 182|0x0000000090600000, 0x0000000090700000, 0x0000000090700000|100%| E|CS|TS  9|AC  0|TAMS 0x0000000090600000, 0x0000000090600000|
| 183|0x0000000090700000, 0x0000000090800000, 0x0000000090800000|100%| E|CS|TS  9|AC  0|TAMS 0x0000000090700000, 0x0000000090700000|
| 184|0x0000000090800000, 0x0000000090900000, 0x0000000090900000|100%| E|CS|TS  9|AC  0|TAMS 0x0000000090800000, 0x0000000090800000|
| 185|0x0000000090900000, 0x0000000090a00000, 0x0000000090a00000|100%| E|CS|TS  9|AC  0|TAMS 0x0000000090900000, 0x0000000090900000|
| 186|0x0000000090a00000, 0x0000000090b00000, 0x0000000090b00000|100%| E|CS|TS  9|AC  0|TAMS 0x0000000090a00000, 0x0000000090a00000|
| 187|0x0000000090b00000, 0x0000000090c00000, 0x0000000090c00000|100%| E|CS|TS  9|AC  0|TAMS 0x0000000090b00000, 0x0000000090b00000|
| 188|0x0000000090c00000, 0x0000000090d00000, 0x0000000090d00000|100%| E|CS|TS  9|AC  0|TAMS 0x0000000090c00000, 0x0000000090c00000|
| 189|0x0000000090d00000, 0x0000000090e00000, 0x0000000090e00000|100%| E|CS|TS  9|AC  0|TAMS 0x0000000090d00000, 0x0000000090d00000|
| 190|0x0000000090e00000, 0x0000000090f00000, 0x0000000090f00000|100%| E|CS|TS  9|AC  0|TAMS 0x0000000090e00000, 0x0000000090e00000|
| 191|0x0000000090f00000, 0x0000000091000000, 0x0000000091000000|100%| E|CS|TS  9|AC  0|TAMS 0x0000000090f00000, 0x0000000090f00000|
| 192|0x0000000091000000, 0x0000000091100000, 0x0000000091100000|100%| E|CS|TS  9|AC  0|TAMS 0x0000000091000000, 0x0000000091000000|
| 193|0x0000000091100000, 0x0000000091200000, 0x0000000091200000|100%| E|CS|TS  9|AC  0|TAMS 0x0000000091100000, 0x0000000091100000|
| 194|0x0000000091200000, 0x0000000091300000, 0x0000000091300000|100%| E|CS|TS  9|AC  0|TAMS 0x0000000091200000, 0x0000000091200000|
| 195|0x0000000091300000, 0x0000000091400000, 0x0000000091400000|100%| E|CS|TS  9|AC  0|TAMS 0x0000000091300000, 0x0000000091300000|
| 196|0x0000000091400000, 0x0000000091500000, 0x0000000091500000|100%| E|CS|TS  9|AC  0|TAMS 0x0000000091400000, 0x0000000091400000|
| 197|0x0000000091500000, 0x0000000091600000, 0x0000000091600000|100%| E|CS|TS  9|AC  0|TAMS 0x0000000091500000, 0x0000000091500000|
| 198|0x0000000091600000, 0x0000000091700000, 0x0000000091700000|100%| E|CS|TS  9|AC  0|TAMS 0x0000000091600000, 0x0000000091600000|
| 199|0x0000000091700000, 0x0000000091800000, 0x0000000091800000|100%| E|CS|TS  9|AC  0|TAMS 0x0000000091700000, 0x0000000091700000|
| 200|0x0000000091800000, 0x0000000091900000, 0x0000000091900000|100%| E|CS|TS  9|AC  0|TAMS 0x0000000091800000, 0x0000000091800000|
| 201|0x0000000091900000, 0x0000000091a00000, 0x0000000091a00000|100%| E|CS|TS  9|AC  0|TAMS 0x0000000091900000, 0x0000000091900000|
| 202|0x0000000091a00000, 0x0000000091b00000, 0x0000000091b00000|100%| E|CS|TS  9|AC  0|TAMS 0x0000000091a00000, 0x0000000091a00000|
| 203|0x0000000091b00000, 0x0000000091c00000, 0x0000000091c00000|100%| E|CS|TS  9|AC  0|TAMS 0x0000000091b00000, 0x0000000091b00000|
| 204|0x0000000091c00000, 0x0000000091d00000, 0x0000000091d00000|100%| E|CS|TS  9|AC  0|TAMS 0x0000000091c00000, 0x0000000091c00000|
| 205|0x0000000091d00000, 0x0000000091e00000, 0x0000000091e00000|100%| E|CS|TS  9|AC  0|TAMS 0x0000000091d00000, 0x0000000091d00000|
| 206|0x0000000091e00000, 0x0000000091f00000, 0x0000000091f00000|100%| E|CS|TS  9|AC  0|TAMS 0x0000000091e00000, 0x0000000091e00000|
| 207|0x0000000091f00000, 0x0000000092000000, 0x0000000092000000|100%| E|CS|TS  9|AC  0|TAMS 0x0000000091f00000, 0x0000000091f00000|
| 208|0x0000000092000000, 0x0000000092100000, 0x0000000092100000|100%| E|CS|TS  9|AC  0|TAMS 0x0000000092000000, 0x0000000092000000|
| 209|0x0000000092100000, 0x0000000092200000, 0x0000000092200000|100%| E|CS|TS  9|AC  0|TAMS 0x0000000092100000, 0x0000000092100000|
| 210|0x0000000092200000, 0x0000000092300000, 0x0000000092300000|100%| E|CS|TS  9|AC  0|TAMS 0x0000000092200000, 0x0000000092200000|
| 211|0x0000000092300000, 0x0000000092400000, 0x0000000092400000|100%| E|CS|TS  9|AC  0|TAMS 0x0000000092300000, 0x0000000092300000|
| 212|0x0000000092400000, 0x0000000092500000, 0x0000000092500000|100%| E|CS|TS  9|AC  0|TAMS 0x0000000092400000, 0x0000000092400000|
| 213|0x0000000092500000, 0x0000000092600000, 0x0000000092600000|100%| E|CS|TS  9|AC  0|TAMS 0x0000000092500000, 0x0000000092500000|
| 214|0x0000000092600000, 0x0000000092700000, 0x0000000092700000|100%| E|CS|TS  9|AC  0|TAMS 0x0000000092600000, 0x0000000092600000|
| 215|0x0000000092700000, 0x0000000092800000, 0x0000000092800000|100%| E|CS|TS  9|AC  0|TAMS 0x0000000092700000, 0x0000000092700000|
| 216|0x0000000092800000, 0x0000000092900000, 0x0000000092900000|100%| E|CS|TS  9|AC  0|TAMS 0x0000000092800000, 0x0000000092800000|
| 217|0x0000000092900000, 0x0000000092a00000, 0x0000000092a00000|100%| E|CS|TS  9|AC  0|TAMS 0x0000000092900000, 0x0000000092900000|
| 218|0x0000000092a00000, 0x0000000092b00000, 0x0000000092b00000|100%| E|CS|TS  9|AC  0|TAMS 0x0000000092a00000, 0x0000000092a00000|
| 219|0x0000000092b00000, 0x0000000092c00000, 0x0000000092c00000|100%| E|CS|TS  9|AC  0|TAMS 0x0000000092b00000, 0x0000000092b00000|
| 220|0x0000000092c00000, 0x0000000092d00000, 0x0000000092d00000|100%| E|CS|TS  9|AC  0|TAMS 0x0000000092c00000, 0x0000000092c00000|
| 221|0x0000000092d00000, 0x0000000092e00000, 0x0000000092e00000|100%| E|CS|TS  9|AC  0|TAMS 0x0000000092d00000, 0x0000000092d00000|
| 222|0x0000000092e00000, 0x0000000092f00000, 0x0000000092f00000|100%| E|CS|TS  9|AC  0|TAMS 0x0000000092e00000, 0x0000000092e00000|
| 223|0x0000000092f00000, 0x0000000093000000, 0x0000000093000000|100%| E|CS|TS  9|AC  0|TAMS 0x0000000092f00000, 0x0000000092f00000|
| 224|0x0000000093000000, 0x0000000093100000, 0x0000000093100000|100%| E|CS|TS  9|AC  0|TAMS 0x0000000093000000, 0x0000000093000000|
| 225|0x0000000093100000, 0x0000000093200000, 0x0000000093200000|100%| E|CS|TS  9|AC  0|TAMS 0x0000000093100000, 0x0000000093100000|
| 226|0x0000000093200000, 0x0000000093300000, 0x0000000093300000|100%| E|CS|TS  9|AC  0|TAMS 0x0000000093200000, 0x0000000093200000|
| 227|0x0000000093300000, 0x0000000093400000, 0x0000000093400000|100%| E|CS|TS  9|AC  0|TAMS 0x0000000093300000, 0x0000000093300000|

Card table byte_map: [0x00007ff68cbc4000,0x00007ff68cf9c000] byte_map_base: 0x00007ff68c79c000

Marking Bits (Prev, Next): (CMBitMap*) 0x00007ff6a40614d0, (CMBitMap*) 0x00007ff6a4061528
 Prev Bits: [0x00007ff666140000, 0x00007ff668000000)
 Next Bits: [0x00007ff664280000, 0x00007ff666140000)

Polling page: 0x00007ff6ac7a2000

CodeHeap 'non-nmethods': size=5696Kb used=1123Kb max_used=1160Kb free=4572Kb
 bounds [0x00007ff68dc51000, 0x00007ff68dec1000, 0x00007ff68e1e1000]
CodeHeap 'profiled nmethods': size=120032Kb used=760Kb max_used=760Kb free=119271Kb
 bounds [0x00007ff68e1e1000, 0x00007ff68e451000, 0x00007ff695719000]
CodeHeap 'non-profiled nmethods': size=120032Kb used=416Kb max_used=416Kb free=119615Kb
 bounds [0x00007ff695719000, 0x00007ff695989000, 0x00007ff69cc51000]
 total_blobs=1010 nmethods=502 adapters=203
 compilation: enabled

Compilation events (10 events):
Event: 2.464 Thread 0x00007ff6a4162800 nmethod 479 0x00007ff69577db90 code [0x00007ff69577dd40, 0x00007ff69577ea78]
Event: 2.464 Thread 0x00007ff6a4162800  496       4       java.util.HashMap::getNode (148 bytes)
Event: 2.468 Thread 0x00007ff6a4164000 nmethod 501 0x00007ff69577ed90 code [0x00007ff69577ef00, 0x00007ff69577f0d8]
Event: 2.468 Thread 0x00007ff6a4164000  504       4       java.lang.String::equals (65 bytes)
Event: 2.472 Thread 0x00007ff6a4164000 nmethod 504 0x00007ff69577f210 code [0x00007ff69577f380, 0x00007ff69577f578]
Event: 2.472 Thread 0x00007ff6a4164000  487       4       java.util.HashSet::add (20 bytes)
Event: 2.486 Thread 0x00007ff6a4164000 nmethod 487 0x00007ff69577f690 code [0x00007ff69577f800, 0x00007ff69577f988]
Event: 2.486 Thread 0x00007ff6a4164000  505       4       java.lang.Math::min (11 bytes)
Event: 2.487 Thread 0x00007ff6a4164000 nmethod 505 0x00007ff69577fb10 code [0x00007ff69577fc60, 0x00007ff69577fcb8]
Event: 2.528 Thread 0x00007ff6a4162800 nmethod 496 0x00007ff69577fd10 code [0x00007ff69577ff20, 0x00007ff695780b90]

GC Heap History (10 events):
Event: 1.490 GC heap before
{Heap before GC invocations=2 (full 0):
 garbage-first heap   total 126976K, used 75419K [0x0000000085000000, 0x00000000851003e0, 0x0000000100000000)
  region size 1024K, 74 young (75776K), 5 survivors (5120K)
 Metaspace       used 5342K, capacity 5480K, committed 5760K, reserved 1056768K
  class space    used 526K, capacity 565K, committed 640K, reserved 1048576K
}
Event: 1.525 GC heap after
{Heap after GC invocations=3 (full 0):
 garbage-first heap   total 126976K, used 8136K [0x0000000085000000, 0x00000000851003e0, 0x0000000100000000)
  region size 1024K, 8 young (8192K), 8 survivors (8192K)
 Metaspace       used 5342K, capacity 5480K, committed 5760K, reserved 1056768K
  class space    used 526K, capacity 565K, committed 640K, reserved 1048576K
}
Event: 1.853 GC heap before
{Heap before GC invocations=3 (full 0):
 garbage-first heap   total 126976K, used 75720K [0x0000000085000000, 0x00000000851003e0, 0x0000000100000000)
  region size 1024K, 74 young (75776K), 8 survivors (8192K)
 Metaspace       used 5354K, capacity 5480K, committed 5760K, reserved 1056768K
  class space    used 526K, capacity 565K, committed 640K, reserved 1048576K
}
Event: 1.887 GC heap after
{Heap after GC invocations=4 (full 0):
 garbage-first heap   total 126976K, used 11440K [0x0000000085000000, 0x00000000851003e0, 0x0000000100000000)
  region size 1024K, 7 young (7168K), 7 survivors (7168K)
 Metaspace       used 5354K, capacity 5480K, committed 5760K, reserved 1056768K
  class space    used 526K, capacity 565K, committed 640K, reserved 1048576K
}
Event: 2.087 GC heap before
{Heap before GC invocations=4 (full 0):
 garbage-first heap   total 126976K, used 80048K [0x0000000085000000, 0x00000000851003e0, 0x0000000100000000)
  region size 1024K, 74 young (75776K), 7 survivors (7168K)
 Metaspace       used 5354K, capacity 5480K, committed 5760K, reserved 1056768K
  class space    used 526K, capacity 565K, committed 640K, reserved 1048576K
}
Event: 2.117 GC heap after
{Heap after GC invocations=5 (full 0):
 garbage-first heap   total 233472K, used 14464K [0x0000000085000000, 0x0000000085100720, 0x0000000100000000)
  region size 1024K, 7 young (7168K), 7 survivors (7168K)
 Metaspace       used 5354K, capacity 5480K, committed 5760K, reserved 1056768K
  class space    used 526K, capacity 565K, committed 640K, reserved 1048576K
}
Event: 2.219 GC heap before
{Heap before GC invocations=5 (full 0):
 garbage-first heap   total 233472K, used 100480K [0x0000000085000000, 0x0000000085100720, 0x0000000100000000)
  region size 1024K, 91 young (93184K), 7 survivors (7168K)
 Metaspace       used 5355K, capacity 5480K, committed 5760K, reserved 1056768K
  class space    used 526K, capacity 565K, committed 640K, reserved 1048576K
}
Event: 2.236 GC heap after
{Heap after GC invocations=6 (full 0):
 garbage-first heap   total 233472K, used 18688K [0x0000000085000000, 0x0000000085100720, 0x0000000100000000)
  region size 1024K, 8 young (8192K), 8 survivors (8192K)
 Metaspace       used 5355K, capacity 5480K, committed 5760K, reserved 1056768K
  class space    used 526K, capacity 565K, committed 640K, reserved 1048576K
}
Event: 2.339 GC heap before
{Heap before GC invocations=6 (full 0):
 garbage-first heap   total 233472K, used 122112K [0x0000000085000000, 0x0000000085100720, 0x0000000100000000)
  region size 1024K, 109 young (111616K), 8 survivors (8192K)
 Metaspace       used 5355K, capacity 5480K, committed 5760K, reserved 1056768K
  class space    used 526K, capacity 565K, committed 640K, reserved 1048576K
}
Event: 2.371 GC heap after
{Heap after GC invocations=7 (full 0):
 garbage-first heap   total 233472K, used 23424K [0x0000000085000000, 0x0000000085100720, 0x0000000100000000)
  region size 1024K, 12 young (12288K), 12 survivors (12288K)
 Metaspace       used 5355K, capacity 5480K, committed 5760K, reserved 1056768K
  class space    used 526K, capacity 565K, committed 640K, reserved 1048576K
}

Deoptimization events (10 events):
Event: 2.430 Thread 0x00007ff6a4012800 Uncommon trap: reason=class_check action=maybe_recompile pc=0x00007ff69572efb4 method=java.util.regex.Matcher.getTextLength()I @ 4
Event: 2.430 Thread 0x00007ff6a4012800 Uncommon trap: reason=bimorphic_or_optimized_type_check action=maybe_recompile pc=0x00007ff695739f7c method=java.util.regex.Pattern$Start.match(Ljava/util/regex/Matcher;ILjava/lang/CharSequence;)Z @ 44
Event: 2.430 Thread 0x00007ff6a4012800 Uncommon trap: reason=unstable_if action=reinterpret pc=0x00007ff69576447c method=java.util.regex.Matcher.find()Z @ 10
Event: 2.430 Thread 0x00007ff6a4012800 Uncommon trap: reason=unstable_if action=reinterpret pc=0x00007ff695739bf8 method=java.util.regex.Matcher.search(I)Z @ 30
Event: 2.431 Thread 0x00007ff6a4012800 Uncommon trap: reason=bimorphic_or_optimized_type_check action=maybe_recompile pc=0x00007ff69574a584 method=java.util.regex.Pattern$Start.match(Ljava/util/regex/Matcher;ILjava/lang/CharSequence;)Z @ 44
Event: 2.431 Thread 0x00007ff6a4012800 Uncommon trap: reason=bimorphic_or_optimized_type_check action=maybe_recompile pc=0x00007ff69574a584 method=java.util.regex.Pattern$Start.match(Ljava/util/regex/Matcher;ILjava/lang/CharSequence;)Z @ 44
Event: 2.431 Thread 0x00007ff6a4012800 Uncommon trap: reason=bimorphic_or_optimized_type_check action=maybe_recompile pc=0x00007ff69574a584 method=java.util.regex.Pattern$Start.match(Ljava/util/regex/Matcher;ILjava/lang/CharSequence;)Z @ 44
Event: 2.431 Thread 0x00007ff6a4012800 Uncommon trap: reason=class_check action=maybe_recompile pc=0x00007ff69572efb4 method=java.util.regex.Matcher.getTextLength()I @ 4
Event: 2.431 Thread 0x00007ff6a4012800 Uncommon trap: reason=class_check action=maybe_recompile pc=0x00007ff69572efb4 method=java.util.regex.Matcher.getTextLength()I @ 4
Event: 2.431 Thread 0x00007ff6a4012800 Uncommon trap: reason=class_check action=maybe_recompile pc=0x00007ff69572efb4 method=java.util.regex.Matcher.getTextLength()I @ 4

Classes redefined (2 events):
Event: 40.602 Thread 0x00007ff6a413c800 redefined class name=A6.Doublets, count=1
Event: 72.010 Thread 0x00007ff6a413c800 redefined class name=A6.Doublets, count=2

Internal exceptions (0 events):
No events

Events (10 events):
Event: 72.023 Executing VM operation: ChangeBreakpoints done
Event: 72.025 Executing VM operation: ChangeBreakpoints
Event: 72.025 Executing VM operation: ChangeBreakpoints done
Event: 72.034 Executing VM operation: GetFrameCount
Event: 72.034 Executing VM operation: GetFrameCount done
Event: 72.034 Executing VM operation: GetFrameLocation
Event: 72.034 Executing VM operation: GetFrameLocation done
Event: 72.034 Executing VM operation: GetFrameLocation
Event: 72.034 Executing VM operation: GetFrameLocation done
Event: 72.034 Executing VM operation: GetOrSetLocal


Dynamic libraries:
00400000-00401000 r-xp 00000000 08:05 4984379                            /usr/lib/jvm/java-9-openjdk-amd64/bin/java
00600000-00601000 r--p 00000000 08:05 4984379                            /usr/lib/jvm/java-9-openjdk-amd64/bin/java
00601000-00602000 rw-p 00001000 08:05 4984379                            /usr/lib/jvm/java-9-openjdk-amd64/bin/java
01928000-01949000 rw-p 00000000 00:00 0                                  [heap]
85000000-93400000 rw-p 00000000 00:00 0 
93400000-100000000 ---p 00000000 00:00 0 
100000000-1000a0000 rw-p 00000000 00:00 0 
1000a0000-140000000 ---p 00000000 00:00 0 
7ff614000000-7ff614021000 rw-p 00000000 00:00 0 
7ff614021000-7ff618000000 ---p 00000000 00:00 0 
7ff61c000000-7ff61c021000 rw-p 00000000 00:00 0 
7ff61c021000-7ff620000000 ---p 00000000 00:00 0 
7ff620000000-7ff620021000 rw-p 00000000 00:00 0 
7ff620021000-7ff624000000 ---p 00000000 00:00 0 
7ff624000000-7ff624024000 rw-p 00000000 00:00 0 
7ff624024000-7ff628000000 ---p 00000000 00:00 0 
7ff628000000-7ff628021000 rw-p 00000000 00:00 0 
7ff628021000-7ff62c000000 ---p 00000000 00:00 0 
7ff62c000000-7ff62c021000 rw-p 00000000 00:00 0 
7ff62c021000-7ff630000000 ---p 00000000 00:00 0 
7ff630000000-7ff630021000 rw-p 00000000 00:00 0 
7ff630021000-7ff634000000 ---p 00000000 00:00 0 
7ff634000000-7ff634b0f000 rw-p 00000000 00:00 0 
7ff634b0f000-7ff638000000 ---p 00000000 00:00 0 
7ff638000000-7ff638513000 rw-p 00000000 00:00 0 
7ff638513000-7ff63c000000 ---p 00000000 00:00 0 
7ff63c000000-7ff63cce1000 rw-p 00000000 00:00 0 
7ff63cce1000-7ff640000000 ---p 00000000 00:00 0 
7ff642cc6000-7ff642cc7000 ---p 00000000 00:00 0 
7ff642cc7000-7ff642dc7000 rw-p 00000000 00:00 0 
7ff642dc7000-7ff642dcb000 ---p 00000000 00:00 0 
7ff642dcb000-7ff642ec8000 rw-p 00000000 00:00 0 
7ff642ec8000-7ff642ecc000 ---p 00000000 00:00 0 
7ff642ecc000-7ff642fc9000 rw-p 00000000 00:00 0 
7ff642fc9000-7ff642fcd000 ---p 00000000 00:00 0 
7ff642fcd000-7ff6430ca000 rw-p 00000000 00:00 0 
7ff6430ca000-7ff6430ce000 ---p 00000000 00:00 0 
7ff6430ce000-7ff6431cb000 rw-p 00000000 00:00 0 
7ff6431cb000-7ff6431cf000 r-xp 00000000 08:05 5113370                    /usr/lib/jvm/java-9-openjdk-amd64/lib/amd64/libdt_socket.so
7ff6431cf000-7ff6433ce000 ---p 00004000 08:05 5113370                    /usr/lib/jvm/java-9-openjdk-amd64/lib/amd64/libdt_socket.so
7ff6433ce000-7ff6433cf000 r--p 00003000 08:05 5113370                    /usr/lib/jvm/java-9-openjdk-amd64/lib/amd64/libdt_socket.so
7ff6433cf000-7ff6433d0000 rw-p 00004000 08:05 5113370                    /usr/lib/jvm/java-9-openjdk-amd64/lib/amd64/libdt_socket.so
7ff6433d0000-7ff6433d4000 ---p 00000000 00:00 0 
7ff6433d4000-7ff6437d2000 rw-p 00000000 00:00 0 
7ff6437d2000-7ff6437e8000 r-xp 00000000 08:05 5113176                    /usr/lib/jvm/java-9-openjdk-amd64/lib/amd64/libnet.so
7ff6437e8000-7ff6439e7000 ---p 00016000 08:05 5113176                    /usr/lib/jvm/java-9-openjdk-amd64/lib/amd64/libnet.so
7ff6439e7000-7ff6439e8000 r--p 00015000 08:05 5113176                    /usr/lib/jvm/java-9-openjdk-amd64/lib/amd64/libnet.so
7ff6439e8000-7ff6439e9000 rw-p 00016000 08:05 5113176                    /usr/lib/jvm/java-9-openjdk-amd64/lib/amd64/libnet.so
7ff6439e9000-7ff6439fa000 r-xp 00000000 08:05 5113374                    /usr/lib/jvm/java-9-openjdk-amd64/lib/amd64/libnio.so
7ff6439fa000-7ff643bfa000 ---p 00011000 08:05 5113374                    /usr/lib/jvm/java-9-openjdk-amd64/lib/amd64/libnio.so
7ff643bfa000-7ff643bfb000 r--p 00011000 08:05 5113374                    /usr/lib/jvm/java-9-openjdk-amd64/lib/amd64/libnio.so
7ff643bfb000-7ff643bfc000 rw-p 00012000 08:05 5113374                    /usr/lib/jvm/java-9-openjdk-amd64/lib/amd64/libnio.so
7ff643bfc000-7ff643c00000 ---p 00000000 00:00 0 
7ff643c00000-7ff643cfd000 rw-p 00000000 00:00 0 
7ff643cfd000-7ff643d01000 ---p 00000000 00:00 0 
7ff643d01000-7ff643dfe000 rw-p 00000000 00:00 0 
7ff643dfe000-7ff643e02000 ---p 00000000 00:00 0 
7ff643e02000-7ff643eff000 rw-p 00000000 00:00 0 
7ff643eff000-7ff643f03000 ---p 00000000 00:00 0 
7ff643f03000-7ff644000000 rw-p 00000000 00:00 0 
7ff644000000-7ff644021000 rw-p 00000000 00:00 0 
7ff644021000-7ff648000000 ---p 00000000 00:00 0 
7ff648000000-7ff648021000 rw-p 00000000 00:00 0 
7ff648021000-7ff64c000000 ---p 00000000 00:00 0 
7ff64c000000-7ff64c021000 rw-p 00000000 00:00 0 
7ff64c021000-7ff650000000 ---p 00000000 00:00 0 
7ff650000000-7ff650021000 rw-p 00000000 00:00 0 
7ff650021000-7ff654000000 ---p 00000000 00:00 0 
7ff654000000-7ff65406c000 rw-p 00000000 00:00 0 
7ff65406c000-7ff658000000 ---p 00000000 00:00 0 
7ff658000000-7ff658021000 rw-p 00000000 00:00 0 
7ff658021000-7ff65c000000 ---p 00000000 00:00 0 
7ff65c0ad000-7ff65c0b1000 ---p 00000000 00:00 0 
7ff65c0b1000-7ff65c1ae000 rw-p 00000000 00:00 0 
7ff65c1ae000-7ff65c1b2000 ---p 00000000 00:00 0 
7ff65c1b2000-7ff65c2af000 rw-p 00000000 00:00 0 
7ff65c2af000-7ff65d6ff000 r--p 00000000 08:05 4459266                    /usr/lib/locale/locale-archive
7ff65d6ff000-7ff65d703000 ---p 00000000 00:00 0 
7ff65d703000-7ff65dd00000 rw-p 00000000 00:00 0 
7ff65dd00000-7ff65e000000 ---p 00000000 00:00 0 
7ff65e000000-7ff660000000 rw-p 00000000 00:00 0 
7ff660000000-7ff660021000 rw-p 00000000 00:00 0 
7ff660021000-7ff664000000 ---p 00000000 00:00 0 
7ff664008000-7ff66400c000 ---p 00000000 00:00 0 
7ff66400c000-7ff664109000 rw-p 00000000 00:00 0 
7ff664109000-7ff66410a000 ---p 00000000 00:00 0 
7ff66410a000-7ff664610000 rw-p 00000000 00:00 0 
7ff664610000-7ff666140000 ---p 00000000 00:00 0 
7ff666140000-7ff6664d0000 rw-p 00000000 00:00 0 
7ff6664d0000-7ff668000000 ---p 00000000 00:00 0 
7ff668000000-7ff668021000 rw-p 00000000 00:00 0 
7ff668021000-7ff66c000000 ---p 00000000 00:00 0 
7ff66c000000-7ff66c021000 rw-p 00000000 00:00 0 
7ff66c021000-7ff670000000 ---p 00000000 00:00 0 
7ff670000000-7ff670021000 rw-p 00000000 00:00 0 
7ff670021000-7ff674000000 ---p 00000000 00:00 0 
7ff674000000-7ff674021000 rw-p 00000000 00:00 0 
7ff674021000-7ff678000000 ---p 00000000 00:00 0 
7ff678000000-7ff678021000 rw-p 00000000 00:00 0 
7ff678021000-7ff67c000000 ---p 00000000 00:00 0 
7ff67c000000-7ff67c021000 rw-p 00000000 00:00 0 
7ff67c021000-7ff680000000 ---p 00000000 00:00 0 
7ff680000000-7ff680021000 rw-p 00000000 00:00 0 
7ff680021000-7ff684000000 ---p 00000000 00:00 0 
7ff684000000-7ff684021000 rw-p 00000000 00:00 0 
7ff684021000-7ff688000000 ---p 00000000 00:00 0 
7ff688000000-7ff688021000 rw-p 00000000 00:00 0 
7ff688021000-7ff68c000000 ---p 00000000 00:00 0 
7ff68c017000-7ff68c5ea000 rw-p 00000000 00:00 0 
7ff68c5ea000-7ff68c5eb000 ---p 00000000 00:00 0 
7ff68c5eb000-7ff68c6eb000 rw-p 00000000 00:00 0 
7ff68c6eb000-7ff68c6ec000 ---p 00000000 00:00 0 
7ff68c6ec000-7ff68c85e000 rw-p 00000000 00:00 0 
7ff68c85e000-7ff68cbc4000 ---p 00000000 00:00 0 
7ff68cbc4000-7ff68cc36000 rw-p 00000000 00:00 0 
7ff68cc36000-7ff68d374000 ---p 00000000 00:00 0 
7ff68d374000-7ff68d3e6000 rw-p 00000000 00:00 0 
7ff68d3e6000-7ff68d74c000 ---p 00000000 00:00 0 
7ff68d74c000-7ff68d74d000 ---p 00000000 00:00 0 
7ff68d74d000-7ff68d84d000 rw-p 00000000 00:00 0 
7ff68d84d000-7ff68d84e000 ---p 00000000 00:00 0 
7ff68d84e000-7ff68d94e000 rw-p 00000000 00:00 0 
7ff68d94e000-7ff68d94f000 ---p 00000000 00:00 0 
7ff68d94f000-7ff68da4f000 rw-p 00000000 00:00 0 
7ff68da4f000-7ff68da50000 ---p 00000000 00:00 0 
7ff68da50000-7ff68db50000 rw-p 00000000 00:00 0 
7ff68db50000-7ff68db51000 ---p 00000000 00:00 0 
7ff68db51000-7ff68dc51000 rw-p 00000000 00:00 0 
7ff68dc51000-7ff68dec1000 rwxp 00000000 00:00 0 
7ff68dec1000-7ff68e1e1000 ---p 00000000 00:00 0 
7ff68e1e1000-7ff68e451000 rwxp 00000000 00:00 0 
7ff68e451000-7ff695719000 ---p 00000000 00:00 0 
7ff695719000-7ff695989000 rwxp 00000000 00:00 0 
7ff695989000-7ff69cc51000 ---p 00000000 00:00 0 
7ff69cc51000-7ff6a4000000 r--s 00000000 08:05 5113160                    /usr/lib/jvm/java-9-openjdk-amd64/lib/modules
7ff6a4000000-7ff6a427d000 rw-p 00000000 00:00 0 
7ff6a427d000-7ff6a8000000 ---p 00000000 00:00 0 
7ff6a801a000-7ff6a849a000 rw-p 00000000 00:00 0 
7ff6a849a000-7ff6a849b000 ---p 00000000 00:00 0 
7ff6a849b000-7ff6a859b000 rw-p 00000000 00:00 0 
7ff6a859b000-7ff6a859c000 ---p 00000000 00:00 0 
7ff6a859c000-7ff6a869c000 rw-p 00000000 00:00 0 
7ff6a869c000-7ff6a869d000 ---p 00000000 00:00 0 
7ff6a869d000-7ff6a879d000 rw-p 00000000 00:00 0 
7ff6a879d000-7ff6a879e000 ---p 00000000 00:00 0 
7ff6a879e000-7ff6a88a3000 rw-p 00000000 00:00 0 
7ff6a88a3000-7ff6a8989000 ---p 00000000 00:00 0 
7ff6a8989000-7ff6a898e000 rw-p 00000000 00:00 0 
7ff6a898e000-7ff6a8a74000 ---p 00000000 00:00 0 
7ff6a8a74000-7ff6a8a79000 r-xp 00000000 08:05 5113190                    /usr/lib/jvm/java-9-openjdk-amd64/lib/amd64/libjimage.so
7ff6a8a79000-7ff6a8c78000 ---p 00005000 08:05 5113190                    /usr/lib/jvm/java-9-openjdk-amd64/lib/amd64/libjimage.so
7ff6a8c78000-7ff6a8c79000 r--p 00004000 08:05 5113190                    /usr/lib/jvm/java-9-openjdk-amd64/lib/amd64/libjimage.so
7ff6a8c79000-7ff6a8c7a000 rw-p 00005000 08:05 5113190                    /usr/lib/jvm/java-9-openjdk-amd64/lib/amd64/libjimage.so
7ff6a8c7a000-7ff6a8c81000 r-xp 00000000 08:05 5113186                    /usr/lib/jvm/java-9-openjdk-amd64/lib/amd64/libzip.so
7ff6a8c81000-7ff6a8e80000 ---p 00007000 08:05 5113186                    /usr/lib/jvm/java-9-openjdk-amd64/lib/amd64/libzip.so
7ff6a8e80000-7ff6a8e81000 r--p 00006000 08:05 5113186                    /usr/lib/jvm/java-9-openjdk-amd64/lib/amd64/libzip.so
7ff6a8e81000-7ff6a8e82000 rw-p 00007000 08:05 5113186                    /usr/lib/jvm/java-9-openjdk-amd64/lib/amd64/libzip.so
7ff6a8e82000-7ff6a8e8d000 r-xp 00000000 08:05 2631488                    /lib/x86_64-linux-gnu/libnss_files-2.23.so
7ff6a8e8d000-7ff6a908c000 ---p 0000b000 08:05 2631488                    /lib/x86_64-linux-gnu/libnss_files-2.23.so
7ff6a908c000-7ff6a908d000 r--p 0000a000 08:05 2631488                    /lib/x86_64-linux-gnu/libnss_files-2.23.so
7ff6a908d000-7ff6a908e000 rw-p 0000b000 08:05 2631488                    /lib/x86_64-linux-gnu/libnss_files-2.23.so
7ff6a908e000-7ff6a9094000 rw-p 00000000 00:00 0 
7ff6a9094000-7ff6a909f000 r-xp 00000000 08:05 2631437                    /lib/x86_64-linux-gnu/libnss_nis-2.23.so
7ff6a909f000-7ff6a929e000 ---p 0000b000 08:05 2631437                    /lib/x86_64-linux-gnu/libnss_nis-2.23.so
7ff6a929e000-7ff6a929f000 r--p 0000a000 08:05 2631437                    /lib/x86_64-linux-gnu/libnss_nis-2.23.so
7ff6a929f000-7ff6a92a0000 rw-p 0000b000 08:05 2631437                    /lib/x86_64-linux-gnu/libnss_nis-2.23.so
7ff6a92a0000-7ff6a92b6000 r-xp 00000000 08:05 2631439                    /lib/x86_64-linux-gnu/libnsl-2.23.so
7ff6a92b6000-7ff6a94b5000 ---p 00016000 08:05 2631439                    /lib/x86_64-linux-gnu/libnsl-2.23.so
7ff6a94b5000-7ff6a94b6000 r--p 00015000 08:05 2631439                    /lib/x86_64-linux-gnu/libnsl-2.23.so
7ff6a94b6000-7ff6a94b7000 rw-p 00016000 08:05 2631439                    /lib/x86_64-linux-gnu/libnsl-2.23.so
7ff6a94b7000-7ff6a94b9000 rw-p 00000000 00:00 0 
7ff6a94b9000-7ff6a94c1000 r-xp 00000000 08:05 2631493                    /lib/x86_64-linux-gnu/libnss_compat-2.23.so
7ff6a94c1000-7ff6a96c0000 ---p 00008000 08:05 2631493                    /lib/x86_64-linux-gnu/libnss_compat-2.23.so
7ff6a96c0000-7ff6a96c1000 r--p 00007000 08:05 2631493                    /lib/x86_64-linux-gnu/libnss_compat-2.23.so
7ff6a96c1000-7ff6a96c2000 rw-p 00008000 08:05 2631493                    /lib/x86_64-linux-gnu/libnss_compat-2.23.so
7ff6a96c2000-7ff6a96fe000 r-xp 00000000 08:05 5113165                    /usr/lib/jvm/java-9-openjdk-amd64/lib/amd64/libjdwp.so
7ff6a96fe000-7ff6a98fe000 ---p 0003c000 08:05 5113165                    /usr/lib/jvm/java-9-openjdk-amd64/lib/amd64/libjdwp.so
7ff6a98fe000-7ff6a98ff000 r--p 0003c000 08:05 5113165                    /usr/lib/jvm/java-9-openjdk-amd64/lib/amd64/libjdwp.so
7ff6a98ff000-7ff6a9900000 rw-p 0003d000 08:05 5113165                    /usr/lib/jvm/java-9-openjdk-amd64/lib/amd64/libjdwp.so
7ff6a9900000-7ff6a9901000 rw-p 00000000 00:00 0 
7ff6a9901000-7ff6a992c000 r-xp 00000000 08:05 5113169                    /usr/lib/jvm/java-9-openjdk-amd64/lib/amd64/libjava.so
7ff6a992c000-7ff6a9b2b000 ---p 0002b000 08:05 5113169                    /usr/lib/jvm/java-9-openjdk-amd64/lib/amd64/libjava.so
7ff6a9b2b000-7ff6a9b2c000 r--p 0002a000 08:05 5113169                    /usr/lib/jvm/java-9-openjdk-amd64/lib/amd64/libjava.so
7ff6a9b2c000-7ff6a9b2e000 rw-p 0002b000 08:05 5113169                    /usr/lib/jvm/java-9-openjdk-amd64/lib/amd64/libjava.so
7ff6a9b2e000-7ff6a9b3b000 r-xp 00000000 08:05 5113170                    /usr/lib/jvm/java-9-openjdk-amd64/lib/amd64/libverify.so
7ff6a9b3b000-7ff6a9d3a000 ---p 0000d000 08:05 5113170                    /usr/lib/jvm/java-9-openjdk-amd64/lib/amd64/libverify.so
7ff6a9d3a000-7ff6a9d3c000 r--p 0000c000 08:05 5113170                    /usr/lib/jvm/java-9-openjdk-amd64/lib/amd64/libverify.so
7ff6a9d3c000-7ff6a9d3d000 rw-p 0000e000 08:05 5113170                    /usr/lib/jvm/java-9-openjdk-amd64/lib/amd64/libverify.so
7ff6a9d3d000-7ff6a9d44000 r-xp 00000000 08:05 2631495                    /lib/x86_64-linux-gnu/librt-2.23.so
7ff6a9d44000-7ff6a9f43000 ---p 00007000 08:05 2631495                    /lib/x86_64-linux-gnu/librt-2.23.so
7ff6a9f43000-7ff6a9f44000 r--p 00006000 08:05 2631495                    /lib/x86_64-linux-gnu/librt-2.23.so
7ff6a9f44000-7ff6a9f45000 rw-p 00007000 08:05 2631495                    /lib/x86_64-linux-gnu/librt-2.23.so
7ff6a9f45000-7ff6a9f5b000 r-xp 00000000 08:05 2626067                    /lib/x86_64-linux-gnu/libgcc_s.so.1
7ff6a9f5b000-7ff6aa15a000 ---p 00016000 08:05 2626067                    /lib/x86_64-linux-gnu/libgcc_s.so.1
7ff6aa15a000-7ff6aa15b000 rw-p 00015000 08:05 2626067                    /lib/x86_64-linux-gnu/libgcc_s.so.1
7ff6aa15b000-7ff6aa263000 r-xp 00000000 08:05 2631438                    /lib/x86_64-linux-gnu/libm-2.23.so
7ff6aa263000-7ff6aa462000 ---p 00108000 08:05 2631438                    /lib/x86_64-linux-gnu/libm-2.23.so
7ff6aa462000-7ff6aa463000 r--p 00107000 08:05 2631438                    /lib/x86_64-linux-gnu/libm-2.23.so
7ff6aa463000-7ff6aa464000 rw-p 00108000 08:05 2631438                    /lib/x86_64-linux-gnu/libm-2.23.so
7ff6aa464000-7ff6aa5d6000 r-xp 00000000 08:05 4458298                    /usr/lib/x86_64-linux-gnu/libstdc++.so.6.0.21
7ff6aa5d6000-7ff6aa7d6000 ---p 00172000 08:05 4458298                    /usr/lib/x86_64-linux-gnu/libstdc++.so.6.0.21
7ff6aa7d6000-7ff6aa7e0000 r--p 00172000 08:05 4458298                    /usr/lib/x86_64-linux-gnu/libstdc++.so.6.0.21
7ff6aa7e0000-7ff6aa7e2000 rw-p 0017c000 08:05 4458298                    /usr/lib/x86_64-linux-gnu/libstdc++.so.6.0.21
7ff6aa7e2000-7ff6aa7e6000 rw-p 00000000 00:00 0 
7ff6aa7e6000-7ff6ab644000 r-xp 00000000 08:05 5113183                    /usr/lib/jvm/java-9-openjdk-amd64/lib/amd64/server/libjvm.so
7ff6ab644000-7ff6ab844000 ---p 00e5e000 08:05 5113183                    /usr/lib/jvm/java-9-openjdk-amd64/lib/amd64/server/libjvm.so
7ff6ab844000-7ff6ab8f6000 r--p 00e5e000 08:05 5113183                    /usr/lib/jvm/java-9-openjdk-amd64/lib/amd64/server/libjvm.so
7ff6ab8f6000-7ff6ab928000 rw-p 00f10000 08:05 5113183                    /usr/lib/jvm/java-9-openjdk-amd64/lib/amd64/server/libjvm.so
7ff6ab928000-7ff6ab96d000 rw-p 00000000 00:00 0 
7ff6ab96d000-7ff6ab985000 r-xp 00000000 08:05 2631503                    /lib/x86_64-linux-gnu/libpthread-2.23.so
7ff6ab985000-7ff6abb84000 ---p 00018000 08:05 2631503                    /lib/x86_64-linux-gnu/libpthread-2.23.so
7ff6abb84000-7ff6abb85000 r--p 00017000 08:05 2631503                    /lib/x86_64-linux-gnu/libpthread-2.23.so
7ff6abb85000-7ff6abb86000 rw-p 00018000 08:05 2631503                    /lib/x86_64-linux-gnu/libpthread-2.23.so
7ff6abb86000-7ff6abb8a000 rw-p 00000000 00:00 0 
7ff6abb8a000-7ff6abb8d000 r-xp 00000000 08:05 2631435                    /lib/x86_64-linux-gnu/libdl-2.23.so
7ff6abb8d000-7ff6abd8c000 ---p 00003000 08:05 2631435                    /lib/x86_64-linux-gnu/libdl-2.23.so
7ff6abd8c000-7ff6abd8d000 r--p 00002000 08:05 2631435                    /lib/x86_64-linux-gnu/libdl-2.23.so
7ff6abd8d000-7ff6abd8e000 rw-p 00003000 08:05 2631435                    /lib/x86_64-linux-gnu/libdl-2.23.so
7ff6abd8e000-7ff6abda7000 r-xp 00000000 08:05 2626219                    /lib/x86_64-linux-gnu/libz.so.1.2.8
7ff6abda7000-7ff6abfa6000 ---p 00019000 08:05 2626219                    /lib/x86_64-linux-gnu/libz.so.1.2.8
7ff6abfa6000-7ff6abfa7000 r--p 00018000 08:05 2626219                    /lib/x86_64-linux-gnu/libz.so.1.2.8
7ff6abfa7000-7ff6abfa8000 rw-p 00019000 08:05 2626219                    /lib/x86_64-linux-gnu/libz.so.1.2.8
7ff6abfa8000-7ff6ac167000 r-xp 00000000 08:05 2631441                    /lib/x86_64-linux-gnu/libc-2.23.so
7ff6ac167000-7ff6ac367000 ---p 001bf000 08:05 2631441                    /lib/x86_64-linux-gnu/libc-2.23.so
7ff6ac367000-7ff6ac36b000 r--p 001bf000 08:05 2631441                    /lib/x86_64-linux-gnu/libc-2.23.so
7ff6ac36b000-7ff6ac36d000 rw-p 001c3000 08:05 2631441                    /lib/x86_64-linux-gnu/libc-2.23.so
7ff6ac36d000-7ff6ac371000 rw-p 00000000 00:00 0 
7ff6ac371000-7ff6ac37f000 r-xp 00000000 08:05 5243140                    /usr/lib/jvm/java-9-openjdk-amd64/lib/amd64/jli/libjli.so
7ff6ac37f000-7ff6ac57e000 ---p 0000e000 08:05 5243140                    /usr/lib/jvm/java-9-openjdk-amd64/lib/amd64/jli/libjli.so
7ff6ac57e000-7ff6ac57f000 r--p 0000d000 08:05 5243140                    /usr/lib/jvm/java-9-openjdk-amd64/lib/amd64/jli/libjli.so
7ff6ac57f000-7ff6ac580000 rw-p 0000e000 08:05 5243140                    /usr/lib/jvm/java-9-openjdk-amd64/lib/amd64/jli/libjli.so
7ff6ac580000-7ff6ac5a6000 r-xp 00000000 08:05 2631448                    /lib/x86_64-linux-gnu/ld-2.23.so
7ff6ac5dc000-7ff6ac680000 rw-p 00000000 00:00 0 
7ff6ac680000-7ff6ac684000 ---p 00000000 00:00 0 
7ff6ac684000-7ff6ac786000 rw-p 00000000 00:00 0 
7ff6ac786000-7ff6ac78d000 r--s 00000000 08:05 4622270                    /usr/lib/x86_64-linux-gnu/gconv/gconv-modules.cache
7ff6ac78d000-7ff6ac792000 rw-p 00000000 00:00 0 
7ff6ac792000-7ff6ac799000 ---p 00000000 00:00 0 
7ff6ac799000-7ff6ac7a1000 rw-s 00000000 08:05 6329490                    /tmp/hsperfdata_caw0086/13078
7ff6ac7a1000-7ff6ac7a2000 rw-p 00000000 00:00 0 
7ff6ac7a2000-7ff6ac7a3000 ---p 00000000 00:00 0 
7ff6ac7a3000-7ff6ac7a5000 rw-p 00000000 00:00 0 
7ff6ac7a5000-7ff6ac7a6000 r--p 00025000 08:05 2631448                    /lib/x86_64-linux-gnu/ld-2.23.so
7ff6ac7a6000-7ff6ac7a7000 rw-p 00026000 08:05 2631448                    /lib/x86_64-linux-gnu/ld-2.23.so
7ff6ac7a7000-7ff6ac7a8000 rw-p 00000000 00:00 0 
7ffd32327000-7ffd32348000 rw-p 00000000 00:00 0                          [stack]
7ffd323ce000-7ffd323d0000 r--p 00000000 00:00 0                          [vvar]
7ffd323d0000-7ffd323d2000 r-xp 00000000 00:00 0                          [vdso]
ffffffffff600000-ffffffffff601000 r-xp 00000000 00:00 0                  [vsyscall]

VM Arguments:
jvm_args: -agentlib:jdwp=transport=dt_socket,address=127.0.0.1:36677,suspend=y,server=n -Dfile.encoding=UTF-8 
java_command: A6.ExampleClient
java_class_path (initial): /home/caw0086/IdeaProjects/COMP2210-Assignments/out/production/COMP2210:/home/caw0086/idea-IU-163.11103.6/lib/junit-4.12.jar:/home/caw0086/idea-IU-163.11103.6/lib/hamcrest-core-1.3.jar:/home/caw0086/idea-IU-163.11103.6/lib/idea_rt.jar
Launcher Type: SUN_STANDARD

Environment Variables:
PATH=/home/caw0086/bin:/home/caw0086/.local/bin:/usr/local/sbin:/usr/local/bin:/usr/sbin:/usr/bin:/sbin:/bin:/usr/games:/usr/local/games
LD_LIBRARY_PATH=/home/caw0086/idea-IU-163.11103.6/bin:
SHELL=/bin/bash
DISPLAY=:0

Signal Handlers:
SIGSEGV: [libjvm.so+0xc12c20], sa_mask[0]=11111111011111111101111111111110, sa_flags=SA_RESTART|SA_SIGINFO
SIGBUS: [libjvm.so+0xc12c20], sa_mask[0]=11111111011111111101111111111110, sa_flags=SA_RESTART|SA_SIGINFO
SIGFPE: [libjvm.so+0xc12c20], sa_mask[0]=11111111011111111101111111111110, sa_flags=SA_RESTART|SA_SIGINFO
SIGPIPE: [libjvm.so+0xa3b600], sa_mask[0]=11111111011111111101111111111110, sa_flags=SA_RESTART|SA_SIGINFO
SIGXFSZ: [libjvm.so+0xa3b600], sa_mask[0]=11111111011111111101111111111110, sa_flags=SA_RESTART|SA_SIGINFO
SIGILL: [libjvm.so+0xc12c20], sa_mask[0]=11111111011111111101111111111110, sa_flags=SA_RESTART|SA_SIGINFO
SIGUSR2: [libjvm.so+0xa3b4a0], sa_mask[0]=00100000000000000000000000000000, sa_flags=SA_RESTART|SA_SIGINFO
SIGHUP: [libjvm.so+0xa3b870], sa_mask[0]=11111111011111111101111111111110, sa_flags=SA_RESTART|SA_SIGINFO
SIGINT: [libjvm.so+0xa3b870], sa_mask[0]=11111111011111111101111111111110, sa_flags=SA_RESTART|SA_SIGINFO
SIGTERM: [libjvm.so+0xa3b870], sa_mask[0]=11111111011111111101111111111110, sa_flags=SA_RESTART|SA_SIGINFO
SIGQUIT: [libjvm.so+0xa3b870], sa_mask[0]=11111111011111111101111111111110, sa_flags=SA_RESTART|SA_SIGINFO


---------------  S Y S T E M  ---------------

OS:DISTRIB_ID="elementary"
DISTRIB_RELEASE=0.4
DISTRIB_CODENAME=loki
DISTRIB_DESCRIPTION="elementary OS 0.4 Loki"
uname:Linux 4.4.0-59-generic #80-Ubuntu SMP Fri Jan 6 17:47:47 UTC 2017 x86_64
libc:glibc 2.23 NPTL 2.23 
rlimit: STACK 8192k, CORE 0k, NPROC 31045, NOFILE 65536, AS infinity
load average:1.34 1.54 1.56

/proc/meminfo:
MemTotal:        8055824 kB
MemFree:         2118616 kB
MemAvailable:    2242004 kB
Buffers:           26628 kB
Cached:           912576 kB
SwapCached:       102576 kB
Active:          4415320 kB
Inactive:        1254632 kB
Active(anon):    4238340 kB
Inactive(anon):  1131836 kB
Active(file):     176980 kB
Inactive(file):   122796 kB
Unevictable:          32 kB
Mlocked:              32 kB
SwapTotal:       8269820 kB
SwapFree:        7158972 kB
Dirty:              5032 kB
Writeback:           172 kB
AnonPages:       4717208 kB
Mapped:           479012 kB
Shmem:            639392 kB
Slab:             132136 kB
SReclaimable:      94180 kB
SUnreclaim:        37956 kB
KernelStack:       11184 kB
PageTables:        40960 kB
NFS_Unstable:          0 kB
Bounce:                0 kB
WritebackTmp:          0 kB
CommitLimit:    12297732 kB
Committed_AS:    9487804 kB
VmallocTotal:   34359738367 kB
VmallocUsed:           0 kB
VmallocChunk:          0 kB
HardwareCorrupted:     0 kB
AnonHugePages:   2957312 kB
CmaTotal:              0 kB
CmaFree:               0 kB
HugePages_Total:       0
HugePages_Free:        0
HugePages_Rsvd:        0
HugePages_Surp:        0
Hugepagesize:       2048 kB
DirectMap4k:      118380 kB
DirectMap2M:     5005312 kB
DirectMap1G:     4194304 kB


CPU:total 4 (2 cores per cpu, 2 threads per core) family 6 model 142 stepping 9, cmov, cx8, fxsr, mmx, sse, sse2, sse3, ssse3, sse4.1, sse4.2, popcnt, avx, avx2, aes, clmul, erms, 3dnowpref, lzcnt, ht, tsc, tscinvbit, bmi1, bmi2, adx

CPU Model and flags from /proc/cpuinfo:
model name	: Intel(R) Core(TM) i5-7200U CPU @ 2.50GHz
flags		: fpu vme de pse tsc msr pae mce cx8 apic sep mtrr pge mca cmov pat pse36 clflush dts acpi mmx fxsr sse sse2 ss ht tm pbe syscall nx pdpe1gb rdtscp lm constant_tsc art arch_perfmon pebs bts rep_good nopl xtopology nonstop_tsc aperfmperf eagerfpu pni pclmulqdq dtes64 monitor ds_cpl vmx est tm2 ssse3 sdbg fma cx16 xtpr pdcm pcid sse4_1 sse4_2 x2apic movbe popcnt tsc_deadline_timer aes xsave avx f16c rdrand lahf_lm abm 3dnowprefetch epb intel_pt tpr_shadow vnmi flexpriority ept vpid fsgsbase tsc_adjust bmi1 avx2 smep bmi2 erms invpcid mpx rdseed adx smap clflushopt xsaveopt xsavec xgetbv1 dtherm ida arat pln pts hwp hwp_notify hwp_act_window hwp_epp

Memory: 4k page, physical 8055824k(2118616k free), swap 8269820k(7158972k free)

vm_info: OpenJDK 64-Bit Server VM (9-internal+0-2016-04-14-195246.buildd.src) for linux-amd64 JRE (9-internal+0-2016-04-14-195246.buildd.src), built on Apr 14 2016 20:05:37 by "buildd" with gcc 5.3.1 20160413

END.
