#
# A fatal error has been detected by the Java Runtime Environment:
#
#  SIGSEGV (0xb) at pc=0x00007f1d94ff7bf5, pid=19195, tid=19223
#
# JRE version: OpenJDK Runtime Environment (9.0) (build 9-internal+0-2016-04-14-195246.buildd.src)
# Java VM: OpenJDK 64-Bit Server VM (9-internal+0-2016-04-14-195246.buildd.src, mixed mode, tiered, compressed oops, g1 gc, linux-amd64)
# Problematic frame:
# V  [libjvm.so+0xb1cbf5]
#
# Core dump will be written. Default location: Core dumps may be processed with "/usr/share/apport/apport %p %s %c %P" (or dumping to /home/caw0086/IdeaProjects/COMP2210-Assignments/core.19195)
#
# If you would like to submit a bug report, please visit:
#   http://bugreport.java.com/bugreport/crash.jsp
#

---------------  S U M M A R Y ------------

Command Line: -agentlib:jdwp=transport=dt_socket,address=127.0.0.1:39017,suspend=y,server=n -Dfile.encoding=UTF-8 A3.ExtractorClient

Host: Intel(R) Core(TM) i5-7200U CPU @ 2.50GHz, 4 cores, 7G, elementary OS 0.4 Loki
Time: Mon Feb 20 13:44:48 2017 CST elapsed time: 8594 seconds (0d 2h 23m 14s)

---------------  T H R E A D  ---------------

Current thread (0x00007f1d8c13c800):  VMThread [stack: 0x00007f1d75350000,0x00007f1d75451000] [id=19223]

Stack: [0x00007f1d75350000,0x00007f1d75451000],  sp=0x00007f1d7544ef10,  free space=1019k
Native frames: (J=compiled Java code, j=interpreted, Vv=VM code, C=native code)
V  [libjvm.so+0xb1cbf5]
V  [libjvm.so+0x7038b8]
V  [libjvm.so+0x708874]
V  [libjvm.so+0x70aee7]
V  [libjvm.so+0x70b2ab]
V  [libjvm.so+0xa32d67]
V  [libjvm.so+0xa33a5b]
V  [libjvm.so+0xa34375]
V  [libjvm.so+0xa346de]
V  [libjvm.so+0x9d3923]
V  [libjvm.so+0x888a59]
V  [libjvm.so+0xc214d4]
V  [libjvm.so+0xc1f8dc]
V  [libjvm.so+0xc1fffa]
V  [libjvm.so+0xc20571]
V  [libjvm.so+0xa454a0]


siginfo: si_signo: 11 (SIGSEGV), si_code: 1 (SEGV_MAPERR), si_addr: 0x0000000000000006

Register to memory mapping:

RAX=0x0000000000000000 is an unknown value
RBX=0x00007f1d7544ef40 is an unknown value
RCX=0x0000000000002b0a is an unknown value
RDX=0x0000000000000000 is an unknown value
RSP=0x00007f1d7544ef10 is an unknown value
RBP=0x00007f1d7544ef20 is an unknown value
RSI=0x0000000000000000 is an unknown value
RDI=0x00007f1d7544ef40 is an unknown value
R8 =0x0000000000000046 is an unknown value
R9 =0x0000000000000000 is an unknown value
R10=0x0000000000000003 is an unknown value
R11=0x000000000000000b is an unknown value
R12=0x0000000000000046 is an unknown value
R13=0x00007f1d95622320: <offset 0x0000000001147320> in /usr/lib/jvm/java-9-openjdk-amd64/lib/amd64/server/libjvm.so at 0x00007f1d944db000
R14=0x00007f1d7544f880 is an unknown value
R15=0x0000000000000000 is an unknown value


Registers:
RAX=0x0000000000000000, RBX=0x00007f1d7544ef40, RCX=0x0000000000002b0a, RDX=0x0000000000000000
RSP=0x00007f1d7544ef10, RBP=0x00007f1d7544ef20, RSI=0x0000000000000000, RDI=0x00007f1d7544ef40
R8 =0x0000000000000046, R9 =0x0000000000000000, R10=0x0000000000000003, R11=0x000000000000000b
R12=0x0000000000000046, R13=0x00007f1d95622320, R14=0x00007f1d7544f880, R15=0x0000000000000000
RIP=0x00007f1d94ff7bf5, EFLAGS=0x0000000000010202, CSGSFS=0x0000000000000033, ERR=0x0000000000000004
  TRAPNO=0x000000000000000e

Top of Stack: (sp=0x00007f1d7544ef10)
0x00007f1d7544ef10:   00007f1d7544ef40 0000000000000046
0x00007f1d7544ef20:   00007f1d7544f5d0 00007f1d94bde8b8
0x00007f1d7544ef30:   00007f1d7544ef70 00007f1d7544ef70
0x00007f1d7544ef40:   00007f1d95545588 0000000000000000
0x00007f1d7544ef50:   0000000000000000 00007f1d0000000c
0x00007f1d7544ef60:   00007f1d7544ef70 00007f1d00000000
0x00007f1d7544ef70:   000000004600003f 00007f1d900dda38
0x00007f1d7544ef80:   4fffffff4fffffff 00007f1d0000000c
0x00007f1d7544ef90:   00007f1d7544efb0 00007f1d00000001
0x00007f1d7544efa0:   000000004600003f 00007f1d94bde91c
0x00007f1d7544efb0:   4fffffff4fffffff 0000000000000000
0x00007f1d7544efc0:   00007f1d95545588 00007f1d900dda38
0x00007f1d7544efd0:   0000000000000002 000000000000000c
0x00007f1d7544efe0:   00007f1d7544f000 00007f1d94ff71bd
0x00007f1d7544eff0:   00007f1d7544f020 00007f1d7544f040
0x00007f1d7544f000:   00007f1d7544f020 00007f1d7544f040
0x00007f1d7544f010:   00007f1d7544f080 00007f1d95622320
0x00007f1d7544f020:   00007f1d7544f6d0 00007f1d94bdeb9e
0x00007f1d7544f030:   00007f1d7544f070 0000000000000006
0x00007f1d7544f040:   00007f1d95545588 00007f1d900dda38
0x00007f1d7544f050:   0000000000000002 00007f1d0000000c
0x00007f1d7544f060:   00007f1d7544f080 00007f1d00000001
0x00007f1d7544f070:   000000004600003f 00007f1d7544f0c0
0x00007f1d7544f080:   4fffffff4fffffff 00007f1d7544f0c0
0x00007f1d7544f090:   00007f1d7544f100 00007f1d95622320
0x00007f1d7544f0a0:   00007f1d7544f750 00007f1d94bdeb9e
0x00007f1d7544f0b0:   00007f1d7544f0f0 0000000000000000
0x00007f1d7544f0c0:   00007f1d95545588 00007f1d900dda38
0x00007f1d7544f0d0:   0000000000000002 00007f1d0000000c
0x00007f1d7544f0e0:   00007f1d7544f100 0000000100000001
0x00007f1d7544f0f0:   000000004600003f 00007f1d94b9adde
0x00007f1d7544f100:   4fffffff4fffffff 4fffffff4fffffff 

Instructions: (pc=0x00007f1d94ff7bf5)
0x00007f1d94ff7bd5:   01 00 00 00 e9 58 fe ff ff 66 90 55 48 89 e5 41
0x00007f1d94ff7be5:   54 53 48 8b 47 08 c7 47 10 00 00 00 00 48 89 fb
0x00007f1d94ff7bf5:   80 78 06 28 0f 84 d1 00 00 00 48 8d 15 5a 41 19
0x00007f1d94ff7c05:   00 48 8d 3d b3 41 19 00 b9 28 00 00 00 be 34 00 

VM_Operation (0x00007f1d74115a60): GetOrSetLocal, mode: safepoint, requested by thread 0x00007f1d8c275000


---------------  P R O C E S S  ---------------

Java Threads: ( => current thread )
  0x00007f1d8c27b000 JavaThread "Service Thread" daemon [_thread_blocked, id=19247, stack(0x00007f1d44aaf000,0x00007f1d44bb0000)]
  0x00007f1d18001000 JavaThread "JDWP Command Reader" daemon [_thread_in_native, id=19244, stack(0x00007f1d4c07e000,0x00007f1d4c17f000)]
  0x00007f1d8c279800 JavaThread "JDWP Event Helper Thread" daemon [_thread_blocked, id=19243, stack(0x00007f1d4c17f000,0x00007f1d4c280000)]
  0x00007f1d8c275000 JavaThread "JDWP Transport Listener: dt_socket" daemon [_thread_blocked, id=19242, stack(0x00007f1d74016000,0x00007f1d74117000)]
  0x00007f1d8c1a7800 JavaThread "Common-Cleaner" daemon [_thread_blocked, id=19239, stack(0x00007f1d7431c000,0x00007f1d7441d000)]
  0x00007f1d8c168000 JavaThread "Sweeper thread" daemon [_thread_blocked, id=19238, stack(0x00007f1d74b48000,0x00007f1d74c49000)]
  0x00007f1d8c166000 JavaThread "C1 CompilerThread2" daemon [_thread_blocked, id=19237, stack(0x00007f1d74c49000,0x00007f1d74d4a000)]
  0x00007f1d8c164000 JavaThread "C2 CompilerThread1" daemon [_thread_blocked, id=19236, stack(0x00007f1d74d4a000,0x00007f1d74e4b000)]
  0x00007f1d8c162800 JavaThread "C2 CompilerThread0" daemon [_thread_blocked, id=19235, stack(0x00007f1d74e4b000,0x00007f1d74f4c000)]
  0x00007f1d8c15e000 JavaThread "Signal Dispatcher" daemon [_thread_blocked, id=19234, stack(0x00007f1d74f4c000,0x00007f1d7504d000)]
  0x00007f1d8c15c000 JavaThread "Surrogate Locker Thread (Concurrent GC)" daemon [_thread_blocked, id=19233, stack(0x00007f1d7504d000,0x00007f1d7514e000)]
  0x00007f1d8c14a800 JavaThread "Finalizer" daemon [_thread_blocked, id=19228, stack(0x00007f1d7514e000,0x00007f1d7524f000)]
  0x00007f1d8c146800 JavaThread "Reference Handler" daemon [_thread_blocked, id=19224, stack(0x00007f1d7524f000,0x00007f1d75350000)]
  0x00007f1d8c012800 JavaThread "main" [_thread_blocked, id=19197, stack(0x00007f1d96375000,0x00007f1d96476000)]

Other Threads:
=>0x00007f1d8c13c800 VMThread [stack: 0x00007f1d75350000,0x00007f1d75451000] [id=19223]
  0x00007f1d8c27e000 WatcherThread [stack: 0x00007f1d449ae000,0x00007f1d44aaf000] [id=19248]

Threads with active compile tasks:

VM state:at safepoint (normal execution)

VM Mutex/Monitor currently owned by a thread:  ([mutex/lock_event])
[0x00007f1d8c00e8b0] Threads_lock - owner thread: 0x00007f1d8c13c800

heap address: 0x0000000085000000, size: 1968 MB, Compressed Oops mode: 32-bit
Narrow klass base: 0x0000000000000000, Narrow klass shift: 3
Compressed class space size: 1073741824 Address: 0x0000000100000000

Heap:
 garbage-first heap   total 126976K, used 16314K [0x0000000085000000, 0x00000000851003e0, 0x0000000100000000)
  region size 1024K, 17 young (17408K), 1 survivors (1024K)
 Metaspace       used 5026K, capacity 5234K, committed 5504K, reserved 1056768K
  class space    used 487K, capacity 564K, committed 640K, reserved 1048576K

Heap Regions: E=young(eden), S=young(survivor), O=old, HS=humongous(starts), HC=humongous(continues), CS=collection set, F=free, A=archive, TS=gc time stamp, AC=allocation context, TAMS=top-at-mark-start (previous, next)
|   0|0x0000000085000000, 0x0000000085000000, 0x0000000085100000|  0%| F|  |TS  0|AC  0|TAMS 0x0000000085000000, 0x0000000085000000|
|   1|0x0000000085100000, 0x0000000085100000, 0x0000000085200000|  0%| F|  |TS  0|AC  0|TAMS 0x0000000085100000, 0x0000000085100000|
|   2|0x0000000085200000, 0x0000000085200000, 0x0000000085300000|  0%| F|  |TS  0|AC  0|TAMS 0x0000000085200000, 0x0000000085200000|
|   3|0x0000000085300000, 0x0000000085300000, 0x0000000085400000|  0%| F|  |TS  0|AC  0|TAMS 0x0000000085300000, 0x0000000085300000|
|   4|0x0000000085400000, 0x0000000085400000, 0x0000000085500000|  0%| F|  |TS  0|AC  0|TAMS 0x0000000085400000, 0x0000000085400000|
|   5|0x0000000085500000, 0x0000000085500000, 0x0000000085600000|  0%| F|  |TS  0|AC  0|TAMS 0x0000000085500000, 0x0000000085500000|
|   6|0x0000000085600000, 0x0000000085600000, 0x0000000085700000|  0%| F|  |TS  0|AC  0|TAMS 0x0000000085600000, 0x0000000085600000|
|   7|0x0000000085700000, 0x0000000085700000, 0x0000000085800000|  0%| F|  |TS  0|AC  0|TAMS 0x0000000085700000, 0x0000000085700000|
|   8|0x0000000085800000, 0x0000000085800000, 0x0000000085900000|  0%| F|  |TS  0|AC  0|TAMS 0x0000000085800000, 0x0000000085800000|
|   9|0x0000000085900000, 0x0000000085900000, 0x0000000085a00000|  0%| F|  |TS  0|AC  0|TAMS 0x0000000085900000, 0x0000000085900000|
|  10|0x0000000085a00000, 0x0000000085a00000, 0x0000000085b00000|  0%| F|  |TS  0|AC  0|TAMS 0x0000000085a00000, 0x0000000085a00000|
|  11|0x0000000085b00000, 0x0000000085b00000, 0x0000000085c00000|  0%| F|  |TS  0|AC  0|TAMS 0x0000000085b00000, 0x0000000085b00000|
|  12|0x0000000085c00000, 0x0000000085c00000, 0x0000000085d00000|  0%| F|  |TS  0|AC  0|TAMS 0x0000000085c00000, 0x0000000085c00000|
|  13|0x0000000085d00000, 0x0000000085d00000, 0x0000000085e00000|  0%| F|  |TS  0|AC  0|TAMS 0x0000000085d00000, 0x0000000085d00000|
|  14|0x0000000085e00000, 0x0000000085e00000, 0x0000000085f00000|  0%| F|  |TS  0|AC  0|TAMS 0x0000000085e00000, 0x0000000085e00000|
|  15|0x0000000085f00000, 0x0000000085f00000, 0x0000000086000000|  0%| F|  |TS  0|AC  0|TAMS 0x0000000085f00000, 0x0000000085f00000|
|  16|0x0000000086000000, 0x0000000086000000, 0x0000000086100000|  0%| F|  |TS  0|AC  0|TAMS 0x0000000086000000, 0x0000000086000000|
|  17|0x0000000086100000, 0x0000000086100000, 0x0000000086200000|  0%| F|  |TS  0|AC  0|TAMS 0x0000000086100000, 0x0000000086100000|
|  18|0x0000000086200000, 0x0000000086200000, 0x0000000086300000|  0%| F|  |TS  0|AC  0|TAMS 0x0000000086200000, 0x0000000086200000|
|  19|0x0000000086300000, 0x0000000086300000, 0x0000000086400000|  0%| F|  |TS  0|AC  0|TAMS 0x0000000086300000, 0x0000000086300000|
|  20|0x0000000086400000, 0x0000000086400000, 0x0000000086500000|  0%| F|  |TS  0|AC  0|TAMS 0x0000000086400000, 0x0000000086400000|
|  21|0x0000000086500000, 0x0000000086500000, 0x0000000086600000|  0%| F|  |TS  0|AC  0|TAMS 0x0000000086500000, 0x0000000086500000|
|  22|0x0000000086600000, 0x0000000086600000, 0x0000000086700000|  0%| F|  |TS  0|AC  0|TAMS 0x0000000086600000, 0x0000000086600000|
|  23|0x0000000086700000, 0x0000000086700000, 0x0000000086800000|  0%| F|  |TS  0|AC  0|TAMS 0x0000000086700000, 0x0000000086700000|
|  24|0x0000000086800000, 0x0000000086800000, 0x0000000086900000|  0%| F|  |TS  0|AC  0|TAMS 0x0000000086800000, 0x0000000086800000|
|  25|0x0000000086900000, 0x0000000086900000, 0x0000000086a00000|  0%| F|  |TS  0|AC  0|TAMS 0x0000000086900000, 0x0000000086900000|
|  26|0x0000000086a00000, 0x0000000086a00000, 0x0000000086b00000|  0%| F|  |TS  0|AC  0|TAMS 0x0000000086a00000, 0x0000000086a00000|
|  27|0x0000000086b00000, 0x0000000086b00000, 0x0000000086c00000|  0%| F|  |TS  0|AC  0|TAMS 0x0000000086b00000, 0x0000000086b00000|
|  28|0x0000000086c00000, 0x0000000086c00000, 0x0000000086d00000|  0%| F|  |TS  0|AC  0|TAMS 0x0000000086c00000, 0x0000000086c00000|
|  29|0x0000000086d00000, 0x0000000086d00000, 0x0000000086e00000|  0%| F|  |TS  0|AC  0|TAMS 0x0000000086d00000, 0x0000000086d00000|
|  30|0x0000000086e00000, 0x0000000086e00000, 0x0000000086f00000|  0%| F|  |TS  0|AC  0|TAMS 0x0000000086e00000, 0x0000000086e00000|
|  31|0x0000000086f00000, 0x0000000086f00000, 0x0000000087000000|  0%| F|  |TS  0|AC  0|TAMS 0x0000000086f00000, 0x0000000086f00000|
|  32|0x0000000087000000, 0x0000000087000000, 0x0000000087100000|  0%| F|  |TS  0|AC  0|TAMS 0x0000000087000000, 0x0000000087000000|
|  33|0x0000000087100000, 0x0000000087100000, 0x0000000087200000|  0%| F|  |TS  0|AC  0|TAMS 0x0000000087100000, 0x0000000087100000|
|  34|0x0000000087200000, 0x0000000087200000, 0x0000000087300000|  0%| F|  |TS  0|AC  0|TAMS 0x0000000087200000, 0x0000000087200000|
|  35|0x0000000087300000, 0x0000000087300000, 0x0000000087400000|  0%| F|  |TS  0|AC  0|TAMS 0x0000000087300000, 0x0000000087300000|
|  36|0x0000000087400000, 0x0000000087400000, 0x0000000087500000|  0%| F|  |TS  0|AC  0|TAMS 0x0000000087400000, 0x0000000087400000|
|  37|0x0000000087500000, 0x0000000087500000, 0x0000000087600000|  0%| F|  |TS  0|AC  0|TAMS 0x0000000087500000, 0x0000000087500000|
|  38|0x0000000087600000, 0x0000000087600000, 0x0000000087700000|  0%| F|  |TS  0|AC  0|TAMS 0x0000000087600000, 0x0000000087600000|
|  39|0x0000000087700000, 0x0000000087700000, 0x0000000087800000|  0%| F|  |TS  0|AC  0|TAMS 0x0000000087700000, 0x0000000087700000|
|  40|0x0000000087800000, 0x0000000087800000, 0x0000000087900000|  0%| F|  |TS  0|AC  0|TAMS 0x0000000087800000, 0x0000000087800000|
|  41|0x0000000087900000, 0x0000000087900000, 0x0000000087a00000|  0%| F|  |TS  0|AC  0|TAMS 0x0000000087900000, 0x0000000087900000|
|  42|0x0000000087a00000, 0x0000000087a00000, 0x0000000087b00000|  0%| F|  |TS  0|AC  0|TAMS 0x0000000087a00000, 0x0000000087a00000|
|  43|0x0000000087b00000, 0x0000000087b00000, 0x0000000087c00000|  0%| F|  |TS  0|AC  0|TAMS 0x0000000087b00000, 0x0000000087b00000|
|  44|0x0000000087c00000, 0x0000000087c00000, 0x0000000087d00000|  0%| F|  |TS  0|AC  0|TAMS 0x0000000087c00000, 0x0000000087c00000|
|  45|0x0000000087d00000, 0x0000000087d00000, 0x0000000087e00000|  0%| F|  |TS  0|AC  0|TAMS 0x0000000087d00000, 0x0000000087d00000|
|  46|0x0000000087e00000, 0x0000000087e00000, 0x0000000087f00000|  0%| F|  |TS  0|AC  0|TAMS 0x0000000087e00000, 0x0000000087e00000|
|  47|0x0000000087f00000, 0x0000000087f00000, 0x0000000088000000|  0%| F|  |TS  0|AC  0|TAMS 0x0000000087f00000, 0x0000000087f00000|
|  48|0x0000000088000000, 0x0000000088000000, 0x0000000088100000|  0%| F|  |TS  0|AC  0|TAMS 0x0000000088000000, 0x0000000088000000|
|  49|0x0000000088100000, 0x0000000088100000, 0x0000000088200000|  0%| F|  |TS  0|AC  0|TAMS 0x0000000088100000, 0x0000000088100000|
|  50|0x0000000088200000, 0x0000000088200000, 0x0000000088300000|  0%| F|  |TS  0|AC  0|TAMS 0x0000000088200000, 0x0000000088200000|
|  51|0x0000000088300000, 0x0000000088300000, 0x0000000088400000|  0%| F|  |TS  0|AC  0|TAMS 0x0000000088300000, 0x0000000088300000|
|  52|0x0000000088400000, 0x0000000088400000, 0x0000000088500000|  0%| F|  |TS  0|AC  0|TAMS 0x0000000088400000, 0x0000000088400000|
|  53|0x0000000088500000, 0x0000000088500000, 0x0000000088600000|  0%| F|  |TS  0|AC  0|TAMS 0x0000000088500000, 0x0000000088500000|
|  54|0x0000000088600000, 0x0000000088600000, 0x0000000088700000|  0%| F|  |TS  0|AC  0|TAMS 0x0000000088600000, 0x0000000088600000|
|  55|0x0000000088700000, 0x0000000088700000, 0x0000000088800000|  0%| F|  |TS  0|AC  0|TAMS 0x0000000088700000, 0x0000000088700000|
|  56|0x0000000088800000, 0x0000000088800000, 0x0000000088900000|  0%| F|  |TS  0|AC  0|TAMS 0x0000000088800000, 0x0000000088800000|
|  57|0x0000000088900000, 0x0000000088900000, 0x0000000088a00000|  0%| F|  |TS  0|AC  0|TAMS 0x0000000088900000, 0x0000000088900000|
|  58|0x0000000088a00000, 0x0000000088a00000, 0x0000000088b00000|  0%| F|  |TS  0|AC  0|TAMS 0x0000000088a00000, 0x0000000088a00000|
|  59|0x0000000088b00000, 0x0000000088b00000, 0x0000000088c00000|  0%| F|  |TS  0|AC  0|TAMS 0x0000000088b00000, 0x0000000088b00000|
|  60|0x0000000088c00000, 0x0000000088c00000, 0x0000000088d00000|  0%| F|  |TS  0|AC  0|TAMS 0x0000000088c00000, 0x0000000088c00000|
|  61|0x0000000088d00000, 0x0000000088d00000, 0x0000000088e00000|  0%| F|  |TS  0|AC  0|TAMS 0x0000000088d00000, 0x0000000088d00000|
|  62|0x0000000088e00000, 0x0000000088e00000, 0x0000000088f00000|  0%| F|  |TS  0|AC  0|TAMS 0x0000000088e00000, 0x0000000088e00000|
|  63|0x0000000088f00000, 0x0000000088f00000, 0x0000000089000000|  0%| F|  |TS  0|AC  0|TAMS 0x0000000088f00000, 0x0000000088f00000|
|  64|0x0000000089000000, 0x0000000089000000, 0x0000000089100000|  0%| F|  |TS  0|AC  0|TAMS 0x0000000089000000, 0x0000000089000000|
|  65|0x0000000089100000, 0x0000000089100000, 0x0000000089200000|  0%| F|  |TS  0|AC  0|TAMS 0x0000000089100000, 0x0000000089100000|
|  66|0x0000000089200000, 0x0000000089200000, 0x0000000089300000|  0%| F|  |TS  0|AC  0|TAMS 0x0000000089200000, 0x0000000089200000|
|  67|0x0000000089300000, 0x0000000089300000, 0x0000000089400000|  0%| F|  |TS  0|AC  0|TAMS 0x0000000089300000, 0x0000000089300000|
|  68|0x0000000089400000, 0x0000000089400000, 0x0000000089500000|  0%| F|  |TS  0|AC  0|TAMS 0x0000000089400000, 0x0000000089400000|
|  69|0x0000000089500000, 0x0000000089500000, 0x0000000089600000|  0%| F|  |TS  0|AC  0|TAMS 0x0000000089500000, 0x0000000089500000|
|  70|0x0000000089600000, 0x0000000089600000, 0x0000000089700000|  0%| F|  |TS  0|AC  0|TAMS 0x0000000089600000, 0x0000000089600000|
|  71|0x0000000089700000, 0x0000000089700000, 0x0000000089800000|  0%| F|  |TS  0|AC  0|TAMS 0x0000000089700000, 0x0000000089700000|
|  72|0x0000000089800000, 0x0000000089800000, 0x0000000089900000|  0%| F|  |TS  0|AC  0|TAMS 0x0000000089800000, 0x0000000089800000|
|  73|0x0000000089900000, 0x0000000089900000, 0x0000000089a00000|  0%| F|  |TS  0|AC  0|TAMS 0x0000000089900000, 0x0000000089900000|
|  74|0x0000000089a00000, 0x0000000089a00000, 0x0000000089b00000|  0%| F|  |TS  0|AC  0|TAMS 0x0000000089a00000, 0x0000000089a00000|
|  75|0x0000000089b00000, 0x0000000089b00000, 0x0000000089c00000|  0%| F|  |TS  0|AC  0|TAMS 0x0000000089b00000, 0x0000000089b00000|
|  76|0x0000000089c00000, 0x0000000089c00000, 0x0000000089d00000|  0%| F|  |TS  0|AC  0|TAMS 0x0000000089c00000, 0x0000000089c00000|
|  77|0x0000000089d00000, 0x0000000089d00000, 0x0000000089e00000|  0%| F|  |TS  0|AC  0|TAMS 0x0000000089d00000, 0x0000000089d00000|
|  78|0x0000000089e00000, 0x0000000089e00000, 0x0000000089f00000|  0%| F|  |TS  0|AC  0|TAMS 0x0000000089e00000, 0x0000000089e00000|
|  79|0x0000000089f00000, 0x0000000089f00000, 0x000000008a000000|  0%| F|  |TS  0|AC  0|TAMS 0x0000000089f00000, 0x0000000089f00000|
|  80|0x000000008a000000, 0x000000008a000000, 0x000000008a100000|  0%| F|  |TS  0|AC  0|TAMS 0x000000008a000000, 0x000000008a000000|
|  81|0x000000008a100000, 0x000000008a100000, 0x000000008a200000|  0%| F|  |TS  0|AC  0|TAMS 0x000000008a100000, 0x000000008a100000|
|  82|0x000000008a200000, 0x000000008a200000, 0x000000008a300000|  0%| F|  |TS  0|AC  0|TAMS 0x000000008a200000, 0x000000008a200000|
|  83|0x000000008a300000, 0x000000008a300000, 0x000000008a400000|  0%| F|  |TS  0|AC  0|TAMS 0x000000008a300000, 0x000000008a300000|
|  84|0x000000008a400000, 0x000000008a400000, 0x000000008a500000|  0%| F|  |TS  0|AC  0|TAMS 0x000000008a400000, 0x000000008a400000|
|  85|0x000000008a500000, 0x000000008a500000, 0x000000008a600000|  0%| F|  |TS  0|AC  0|TAMS 0x000000008a500000, 0x000000008a500000|
|  86|0x000000008a600000, 0x000000008a600000, 0x000000008a700000|  0%| F|  |TS  0|AC  0|TAMS 0x000000008a600000, 0x000000008a600000|
|  87|0x000000008a700000, 0x000000008a700000, 0x000000008a800000|  0%| F|  |TS  0|AC  0|TAMS 0x000000008a700000, 0x000000008a700000|
|  88|0x000000008a800000, 0x000000008a800000, 0x000000008a900000|  0%| F|  |TS  0|AC  0|TAMS 0x000000008a800000, 0x000000008a800000|
|  89|0x000000008a900000, 0x000000008a900000, 0x000000008aa00000|  0%| F|  |TS  0|AC  0|TAMS 0x000000008a900000, 0x000000008a900000|
|  90|0x000000008aa00000, 0x000000008aa00000, 0x000000008ab00000|  0%| F|  |TS  0|AC  0|TAMS 0x000000008aa00000, 0x000000008aa00000|
|  91|0x000000008ab00000, 0x000000008ab00000, 0x000000008ac00000|  0%| F|  |TS  0|AC  0|TAMS 0x000000008ab00000, 0x000000008ab00000|
|  92|0x000000008ac00000, 0x000000008ac00000, 0x000000008ad00000|  0%| F|  |TS  0|AC  0|TAMS 0x000000008ac00000, 0x000000008ac00000|
|  93|0x000000008ad00000, 0x000000008ad00000, 0x000000008ae00000|  0%| F|  |TS  0|AC  0|TAMS 0x000000008ad00000, 0x000000008ad00000|
|  94|0x000000008ae00000, 0x000000008ae00000, 0x000000008af00000|  0%| F|  |TS  0|AC  0|TAMS 0x000000008ae00000, 0x000000008ae00000|
|  95|0x000000008af00000, 0x000000008af00000, 0x000000008b000000|  0%| F|  |TS  0|AC  0|TAMS 0x000000008af00000, 0x000000008af00000|
|  96|0x000000008b000000, 0x000000008b000000, 0x000000008b100000|  0%| F|  |TS  0|AC  0|TAMS 0x000000008b000000, 0x000000008b000000|
|  97|0x000000008b100000, 0x000000008b100000, 0x000000008b200000|  0%| F|  |TS  0|AC  0|TAMS 0x000000008b100000, 0x000000008b100000|
|  98|0x000000008b200000, 0x000000008b200000, 0x000000008b300000|  0%| F|  |TS  0|AC  0|TAMS 0x000000008b200000, 0x000000008b200000|
|  99|0x000000008b300000, 0x000000008b300000, 0x000000008b400000|  0%| F|  |TS  0|AC  0|TAMS 0x000000008b300000, 0x000000008b300000|
| 100|0x000000008b400000, 0x000000008b400000, 0x000000008b500000|  0%| F|  |TS  0|AC  0|TAMS 0x000000008b400000, 0x000000008b400000|
| 101|0x000000008b500000, 0x000000008b500000, 0x000000008b600000|  0%| F|  |TS  0|AC  0|TAMS 0x000000008b500000, 0x000000008b500000|
| 102|0x000000008b600000, 0x000000008b600000, 0x000000008b700000|  0%| F|  |TS  0|AC  0|TAMS 0x000000008b600000, 0x000000008b600000|
| 103|0x000000008b700000, 0x000000008b700000, 0x000000008b800000|  0%| F|  |TS  0|AC  0|TAMS 0x000000008b700000, 0x000000008b700000|
| 104|0x000000008b800000, 0x000000008b800000, 0x000000008b900000|  0%| F|  |TS  0|AC  0|TAMS 0x000000008b800000, 0x000000008b800000|
| 105|0x000000008b900000, 0x000000008b900000, 0x000000008ba00000|  0%| F|  |TS  0|AC  0|TAMS 0x000000008b900000, 0x000000008b900000|
| 106|0x000000008ba00000, 0x000000008ba00000, 0x000000008bb00000|  0%| F|  |TS  0|AC  0|TAMS 0x000000008ba00000, 0x000000008ba00000|
| 107|0x000000008bb00000, 0x000000008bc00000, 0x000000008bc00000|100%| E|  |TS  0|AC  0|TAMS 0x000000008bb00000, 0x000000008bb00000|
| 108|0x000000008bc00000, 0x000000008bd00000, 0x000000008bd00000|100%| E|CS|TS  0|AC  0|TAMS 0x000000008bc00000, 0x000000008bc00000|
| 109|0x000000008bd00000, 0x000000008be00000, 0x000000008be00000|100%| E|CS|TS  0|AC  0|TAMS 0x000000008bd00000, 0x000000008bd00000|
| 110|0x000000008be00000, 0x000000008bf00000, 0x000000008bf00000|100%| E|CS|TS  0|AC  0|TAMS 0x000000008be00000, 0x000000008be00000|
| 111|0x000000008bf00000, 0x000000008c000000, 0x000000008c000000|100%| E|CS|TS  0|AC  0|TAMS 0x000000008bf00000, 0x000000008bf00000|
| 112|0x000000008c000000, 0x000000008c100000, 0x000000008c100000|100%| E|CS|TS  0|AC  0|TAMS 0x000000008c000000, 0x000000008c000000|
| 113|0x000000008c100000, 0x000000008c200000, 0x000000008c200000|100%| E|CS|TS  0|AC  0|TAMS 0x000000008c100000, 0x000000008c100000|
| 114|0x000000008c200000, 0x000000008c300000, 0x000000008c300000|100%| E|CS|TS  0|AC  0|TAMS 0x000000008c200000, 0x000000008c200000|
| 115|0x000000008c300000, 0x000000008c400000, 0x000000008c400000|100%| E|CS|TS  0|AC  0|TAMS 0x000000008c300000, 0x000000008c300000|
| 116|0x000000008c400000, 0x000000008c4ee878, 0x000000008c500000| 93%| S|CS|TS  1|AC  0|TAMS 0x000000008c400000, 0x000000008c400000|
| 117|0x000000008c500000, 0x000000008c600000, 0x000000008c600000|100%| E|CS|TS  0|AC  0|TAMS 0x000000008c500000, 0x000000008c500000|
| 118|0x000000008c600000, 0x000000008c700000, 0x000000008c700000|100%| E|CS|TS  0|AC  0|TAMS 0x000000008c600000, 0x000000008c600000|
| 119|0x000000008c700000, 0x000000008c800000, 0x000000008c800000|100%| E|CS|TS  0|AC  0|TAMS 0x000000008c700000, 0x000000008c700000|
| 120|0x000000008c800000, 0x000000008c900000, 0x000000008c900000|100%| E|CS|TS  0|AC  0|TAMS 0x000000008c800000, 0x000000008c800000|
| 121|0x000000008c900000, 0x000000008ca00000, 0x000000008ca00000|100%| E|CS|TS  0|AC  0|TAMS 0x000000008c900000, 0x000000008c900000|
| 122|0x000000008ca00000, 0x000000008cb00000, 0x000000008cb00000|100%| E|CS|TS  0|AC  0|TAMS 0x000000008ca00000, 0x000000008ca00000|
| 123|0x000000008cb00000, 0x000000008cc00000, 0x000000008cc00000|100%| E|CS|TS  0|AC  0|TAMS 0x000000008cb00000, 0x000000008cb00000|

Card table byte_map: [0x00007f1d90cfe000,0x00007f1d910d6000] byte_map_base: 0x00007f1d908d6000

Marking Bits (Prev, Next): (CMBitMap*) 0x00007f1d8c061460, (CMBitMap*) 0x00007f1d8c0614b8
 Prev Bits: [0x00007f1d4e140000, 0x00007f1d50000000)
 Next Bits: [0x00007f1d4c280000, 0x00007f1d4e140000)

Polling page: 0x00007f1d96497000

CodeHeap 'non-nmethods': size=5696Kb used=1119Kb max_used=1156Kb free=4576Kb
 bounds [0x00007f1d75c51000, 0x00007f1d75ec1000, 0x00007f1d761e1000]
CodeHeap 'profiled nmethods': size=120032Kb used=521Kb max_used=521Kb free=119510Kb
 bounds [0x00007f1d761e1000, 0x00007f1d76451000, 0x00007f1d7d719000]
CodeHeap 'non-profiled nmethods': size=120032Kb used=183Kb max_used=183Kb free=119848Kb
 bounds [0x00007f1d7d719000, 0x00007f1d7d989000, 0x00007f1d84c51000]
 total_blobs=777 nmethods=352 adapters=196
 compilation: enabled

Compilation events (10 events):
Event: 4937.819 Thread 0x00007f1d8c166000  361       3       jdk.internal.org.objectweb.asm.Item::<init> (5 bytes)
Event: 4937.819 Thread 0x00007f1d8c166000 nmethod 361 0x00007f1d761e2310 code [0x00007f1d761e2480, 0x00007f1d761e2630]
Event: 4991.491 Thread 0x00007f1d8c166000  362       3       java.lang.invoke.MethodType$ConcurrentWeakInternSet$WeakEntry::equals (49 bytes)
Event: 4991.491 Thread 0x00007f1d8c166000 nmethod 362 0x00007f1d76261190 code [0x00007f1d76261340, 0x00007f1d76261a08]
Event: 5061.723 Thread 0x00007f1d8c166000  363       3       jdk.internal.org.objectweb.asm.ByteVector::putInt (74 bytes)
Event: 5061.723 Thread 0x00007f1d8c166000 nmethod 363 0x00007f1d761e2a90 code [0x00007f1d761e2c20, 0x00007f1d761e2ec8]
Event: 5061.723 Thread 0x00007f1d8c166000  364       1       java.lang.invoke.MethodTypeForm::erasedType (5 bytes)
Event: 5061.723 Thread 0x00007f1d8c166000 nmethod 364 0x00007f1d7d746d90 code [0x00007f1d7d746f00, 0x00007f1d7d747010]
Event: 5218.641 Thread 0x00007f1d8c166000  365       3       sun.invoke.util.VerifyType::isNullConversion (157 bytes)
Event: 5218.642 Thread 0x00007f1d8c166000 nmethod 365 0x00007f1d76261b10 code [0x00007f1d76261e00, 0x00007f1d76263dc8]

GC Heap History (2 events):
Event: 0.386 GC heap before
{Heap before GC invocations=0 (full 0):
 garbage-first heap   total 126976K, used 7168K [0x0000000085000000, 0x00000000851003e0, 0x0000000100000000)
  region size 1024K, 7 young (7168K), 0 survivors (0K)
 Metaspace       used 4520K, capacity 4690K, committed 4864K, reserved 1056768K
  class space    used 441K, capacity 463K, committed 512K, reserved 1048576K
}
Event: 0.392 GC heap after
{Heap after GC invocations=1 (full 0):
 garbage-first heap   total 126976K, used 954K [0x0000000085000000, 0x00000000851003e0, 0x0000000100000000)
  region size 1024K, 1 young (1024K), 1 survivors (1024K)
 Metaspace       used 4520K, capacity 4690K, committed 4864K, reserved 1056768K
  class space    used 441K, capacity 463K, committed 512K, reserved 1048576K
}

Deoptimization events (10 events):
Event: 0.420 Thread 0x00007f1d8c012800 Uncommon trap: reason=array_check action=maybe_recompile pc=0x00007f1d7d730728 method=java.util.AbstractCollection.toArray([Ljava/lang/Object;)[Ljava/lang/Object; @ 116
Event: 0.420 Thread 0x00007f1d8c012800 Uncommon trap: reason=array_check action=maybe_recompile pc=0x00007f1d7d730728 method=java.util.AbstractCollection.toArray([Ljava/lang/Object;)[Ljava/lang/Object; @ 116
Event: 0.420 Thread 0x00007f1d8c012800 Uncommon trap: reason=array_check action=maybe_recompile pc=0x00007f1d7d730728 method=java.util.AbstractCollection.toArray([Ljava/lang/Object;)[Ljava/lang/Object; @ 116
Event: 0.420 Thread 0x00007f1d8c012800 Uncommon trap: reason=array_check action=maybe_recompile pc=0x00007f1d7d730728 method=java.util.AbstractCollection.toArray([Ljava/lang/Object;)[Ljava/lang/Object; @ 116
Event: 5.347 Thread 0x00007f1d8c012800 Uncommon trap: reason=class_check action=maybe_recompile pc=0x00007f1d7d734e10 method=java.util.AbstractCollection.toArray([Ljava/lang/Object;)[Ljava/lang/Object; @ 1
Event: 5.355 Thread 0x00007f1d8c012800 Uncommon trap: reason=class_check action=maybe_recompile pc=0x00007f1d7d734e10 method=java.util.AbstractCollection.toArray([Ljava/lang/Object;)[Ljava/lang/Object; @ 1
Event: 27.295 Thread 0x00007f1d8c012800 Uncommon trap: reason=unstable_if action=reinterpret pc=0x00007f1d7d73893c method=java.util.TreeMap.getFirstEntry()Ljava/util/TreeMap$Entry; @ 6
Event: 28.526 Thread 0x00007f1d8c012800 Uncommon trap: reason=unstable_if action=reinterpret pc=0x00007f1d7d7394f4 method=java.util.TreeMap.getFirstEntry()Ljava/util/TreeMap$Entry; @ 6
Event: 171.202 Thread 0x00007f1d8c012800 Uncommon trap: reason=class_check action=maybe_recompile pc=0x00007f1d7d734e10 method=java.util.AbstractCollection.toArray([Ljava/lang/Object;)[Ljava/lang/Object; @ 1
Event: 230.302 Thread 0x00007f1d8c012800 Uncommon trap: reason=class_check action=maybe_recompile pc=0x00007f1d7d734e10 method=java.util.AbstractCollection.toArray([Ljava/lang/Object;)[Ljava/lang/Object; @ 1

Classes redefined (10 events):
Event: 5061.615 Thread 0x00007f1d8c13c800 redefined class name=A3.Line, count=14
Event: 5218.545 Thread 0x00007f1d8c13c800 redefined class name=A3.Line, count=15
Event: 5530.358 Thread 0x00007f1d8c13c800 redefined class name=A3.ExtractorClient, count=4
Event: 5563.279 Thread 0x00007f1d8c13c800 redefined class name=A3.Extractor, count=8
Event: 5819.915 Thread 0x00007f1d8c13c800 redefined class name=A3.ExtractorClient, count=5
Event: 5819.916 Thread 0x00007f1d8c13c800 redefined class name=A3.Extractor, count=9
Event: 8388.968 Thread 0x00007f1d8c13c800 redefined class name=A3.Extractor, count=10
Event: 8521.155 Thread 0x00007f1d8c13c800 redefined class name=A3.Extractor, count=11
Event: 8536.173 Thread 0x00007f1d8c13c800 redefined class name=A3.Extractor, count=12
Event: 8594.996 Thread 0x00007f1d8c13c800 redefined class name=A3.Extractor, count=13

Internal exceptions (2 events):
Event: 27.295 Thread 0x00007f1d8c012800 Implicit null exception at 0x00007f1d7d738496 to 0x00007f1d7d738921
Event: 28.526 Thread 0x00007f1d8c012800 Implicit null exception at 0x00007f1d7d7392b4 to 0x00007f1d7d7394dd

Events (10 events):
Event: 8594.996 Executing VM operation: RedefineClasses done
Event: 8594.996 Executing VM operation: GetFrameCount
Event: 8594.996 Executing VM operation: GetFrameCount done
Event: 8594.996 Executing VM operation: GetFrameCount
Event: 8594.996 Executing VM operation: GetFrameCount done
Event: 8594.996 Executing VM operation: GetFrameLocation
Event: 8594.996 Executing VM operation: GetFrameLocation done
Event: 8594.996 Executing VM operation: GetFrameLocation
Event: 8594.996 Executing VM operation: GetFrameLocation done
Event: 8594.996 Executing VM operation: GetOrSetLocal


Dynamic libraries:
00400000-00401000 r-xp 00000000 08:05 4984379                            /usr/lib/jvm/java-9-openjdk-amd64/bin/java
00600000-00601000 r--p 00000000 08:05 4984379                            /usr/lib/jvm/java-9-openjdk-amd64/bin/java
00601000-00602000 rw-p 00001000 08:05 4984379                            /usr/lib/jvm/java-9-openjdk-amd64/bin/java
0094a000-0096b000 rw-p 00000000 00:00 0                                  [heap]
85000000-8cc00000 rw-p 00000000 00:00 0 
8cc00000-100000000 ---p 00000000 00:00 0 
100000000-1000a0000 rw-p 00000000 00:00 0 
1000a0000-140000000 ---p 00000000 00:00 0 
7f1d04000000-7f1d04021000 rw-p 00000000 00:00 0 
7f1d04021000-7f1d08000000 ---p 00000000 00:00 0 
7f1d08000000-7f1d08021000 rw-p 00000000 00:00 0 
7f1d08021000-7f1d0c000000 ---p 00000000 00:00 0 
7f1d0c000000-7f1d0c03f000 rw-p 00000000 00:00 0 
7f1d0c03f000-7f1d10000000 ---p 00000000 00:00 0 
7f1d10000000-7f1d10021000 rw-p 00000000 00:00 0 
7f1d10021000-7f1d14000000 ---p 00000000 00:00 0 
7f1d14000000-7f1d14021000 rw-p 00000000 00:00 0 
7f1d14021000-7f1d18000000 ---p 00000000 00:00 0 
7f1d18000000-7f1d18024000 rw-p 00000000 00:00 0 
7f1d18024000-7f1d1c000000 ---p 00000000 00:00 0 
7f1d1c000000-7f1d1c276000 rw-p 00000000 00:00 0 
7f1d1c276000-7f1d20000000 ---p 00000000 00:00 0 
7f1d20000000-7f1d20021000 rw-p 00000000 00:00 0 
7f1d20021000-7f1d24000000 ---p 00000000 00:00 0 
7f1d24000000-7f1d2445d000 rw-p 00000000 00:00 0 
7f1d2445d000-7f1d28000000 ---p 00000000 00:00 0 
7f1d28000000-7f1d289f5000 rw-p 00000000 00:00 0 
7f1d289f5000-7f1d2c000000 ---p 00000000 00:00 0 
7f1d2c000000-7f1d2c021000 rw-p 00000000 00:00 0 
7f1d2c021000-7f1d30000000 ---p 00000000 00:00 0 
7f1d30000000-7f1d30021000 rw-p 00000000 00:00 0 
7f1d30021000-7f1d34000000 ---p 00000000 00:00 0 
7f1d34000000-7f1d34021000 rw-p 00000000 00:00 0 
7f1d34021000-7f1d38000000 ---p 00000000 00:00 0 
7f1d38000000-7f1d38021000 rw-p 00000000 00:00 0 
7f1d38021000-7f1d3c000000 ---p 00000000 00:00 0 
7f1d3c000000-7f1d3c021000 rw-p 00000000 00:00 0 
7f1d3c021000-7f1d40000000 ---p 00000000 00:00 0 
7f1d40000000-7f1d40021000 rw-p 00000000 00:00 0 
7f1d40021000-7f1d44000000 ---p 00000000 00:00 0 
7f1d449ae000-7f1d449af000 ---p 00000000 00:00 0 
7f1d449af000-7f1d44aaf000 rw-p 00000000 00:00 0 
7f1d44aaf000-7f1d44ab3000 ---p 00000000 00:00 0 
7f1d44ab3000-7f1d44bb0000 rw-p 00000000 00:00 0 
7f1d44bb0000-7f1d46000000 r--p 00000000 08:05 4470843                    /usr/lib/locale/locale-archive
7f1d46000000-7f1d48000000 rw-p 00000000 00:00 0 
7f1d48000000-7f1d48021000 rw-p 00000000 00:00 0 
7f1d48021000-7f1d4c000000 ---p 00000000 00:00 0 
7f1d4c07e000-7f1d4c082000 ---p 00000000 00:00 0 
7f1d4c082000-7f1d4c17f000 rw-p 00000000 00:00 0 
7f1d4c17f000-7f1d4c183000 ---p 00000000 00:00 0 
7f1d4c183000-7f1d4c470000 rw-p 00000000 00:00 0 
7f1d4c470000-7f1d4e140000 ---p 00000000 00:00 0 
7f1d4e140000-7f1d4e330000 rw-p 00000000 00:00 0 
7f1d4e330000-7f1d50000000 ---p 00000000 00:00 0 
7f1d50000000-7f1d50021000 rw-p 00000000 00:00 0 
7f1d50021000-7f1d54000000 ---p 00000000 00:00 0 
7f1d54000000-7f1d54021000 rw-p 00000000 00:00 0 
7f1d54021000-7f1d58000000 ---p 00000000 00:00 0 
7f1d58000000-7f1d58021000 rw-p 00000000 00:00 0 
7f1d58021000-7f1d5c000000 ---p 00000000 00:00 0 
7f1d5c000000-7f1d5c021000 rw-p 00000000 00:00 0 
7f1d5c021000-7f1d60000000 ---p 00000000 00:00 0 
7f1d60000000-7f1d60021000 rw-p 00000000 00:00 0 
7f1d60021000-7f1d64000000 ---p 00000000 00:00 0 
7f1d64000000-7f1d64021000 rw-p 00000000 00:00 0 
7f1d64021000-7f1d68000000 ---p 00000000 00:00 0 
7f1d68000000-7f1d68021000 rw-p 00000000 00:00 0 
7f1d68021000-7f1d6c000000 ---p 00000000 00:00 0 
7f1d6c000000-7f1d6c021000 rw-p 00000000 00:00 0 
7f1d6c021000-7f1d70000000 ---p 00000000 00:00 0 
7f1d70000000-7f1d70021000 rw-p 00000000 00:00 0 
7f1d70021000-7f1d74000000 ---p 00000000 00:00 0 
7f1d74016000-7f1d7401a000 ---p 00000000 00:00 0 
7f1d7401a000-7f1d74117000 rw-p 00000000 00:00 0 
7f1d74117000-7f1d7411b000 r-xp 00000000 08:05 5113370                    /usr/lib/jvm/java-9-openjdk-amd64/lib/amd64/libdt_socket.so
7f1d7411b000-7f1d7431a000 ---p 00004000 08:05 5113370                    /usr/lib/jvm/java-9-openjdk-amd64/lib/amd64/libdt_socket.so
7f1d7431a000-7f1d7431b000 r--p 00003000 08:05 5113370                    /usr/lib/jvm/java-9-openjdk-amd64/lib/amd64/libdt_socket.so
7f1d7431b000-7f1d7431c000 rw-p 00004000 08:05 5113370                    /usr/lib/jvm/java-9-openjdk-amd64/lib/amd64/libdt_socket.so
7f1d7431c000-7f1d74320000 ---p 00000000 00:00 0 
7f1d74320000-7f1d7471e000 rw-p 00000000 00:00 0 
7f1d7471e000-7f1d74734000 r-xp 00000000 08:05 5113176                    /usr/lib/jvm/java-9-openjdk-amd64/lib/amd64/libnet.so
7f1d74734000-7f1d74933000 ---p 00016000 08:05 5113176                    /usr/lib/jvm/java-9-openjdk-amd64/lib/amd64/libnet.so
7f1d74933000-7f1d74934000 r--p 00015000 08:05 5113176                    /usr/lib/jvm/java-9-openjdk-amd64/lib/amd64/libnet.so
7f1d74934000-7f1d74935000 rw-p 00016000 08:05 5113176                    /usr/lib/jvm/java-9-openjdk-amd64/lib/amd64/libnet.so
7f1d74935000-7f1d74946000 r-xp 00000000 08:05 5113374                    /usr/lib/jvm/java-9-openjdk-amd64/lib/amd64/libnio.so
7f1d74946000-7f1d74b46000 ---p 00011000 08:05 5113374                    /usr/lib/jvm/java-9-openjdk-amd64/lib/amd64/libnio.so
7f1d74b46000-7f1d74b47000 r--p 00011000 08:05 5113374                    /usr/lib/jvm/java-9-openjdk-amd64/lib/amd64/libnio.so
7f1d74b47000-7f1d74b48000 rw-p 00012000 08:05 5113374                    /usr/lib/jvm/java-9-openjdk-amd64/lib/amd64/libnio.so
7f1d74b48000-7f1d74b4c000 ---p 00000000 00:00 0 
7f1d74b4c000-7f1d74c49000 rw-p 00000000 00:00 0 
7f1d74c49000-7f1d74c4d000 ---p 00000000 00:00 0 
7f1d74c4d000-7f1d74d4a000 rw-p 00000000 00:00 0 
7f1d74d4a000-7f1d74d4e000 ---p 00000000 00:00 0 
7f1d74d4e000-7f1d74e4b000 rw-p 00000000 00:00 0 
7f1d74e4b000-7f1d74e4f000 ---p 00000000 00:00 0 
7f1d74e4f000-7f1d74f4c000 rw-p 00000000 00:00 0 
7f1d74f4c000-7f1d74f50000 ---p 00000000 00:00 0 
7f1d74f50000-7f1d7504d000 rw-p 00000000 00:00 0 
7f1d7504d000-7f1d75051000 ---p 00000000 00:00 0 
7f1d75051000-7f1d7514e000 rw-p 00000000 00:00 0 
7f1d7514e000-7f1d75152000 ---p 00000000 00:00 0 
7f1d75152000-7f1d7524f000 rw-p 00000000 00:00 0 
7f1d7524f000-7f1d75253000 ---p 00000000 00:00 0 
7f1d75253000-7f1d75350000 rw-p 00000000 00:00 0 
7f1d75350000-7f1d75351000 ---p 00000000 00:00 0 
7f1d75351000-7f1d75911000 rw-p 00000000 00:00 0 
7f1d75911000-7f1d75c51000 ---p 00000000 00:00 0 
7f1d75c51000-7f1d75ec1000 rwxp 00000000 00:00 0 
7f1d75ec1000-7f1d761e1000 ---p 00000000 00:00 0 
7f1d761e1000-7f1d76451000 rwxp 00000000 00:00 0 
7f1d76451000-7f1d7d719000 ---p 00000000 00:00 0 
7f1d7d719000-7f1d7d989000 rwxp 00000000 00:00 0 
7f1d7d989000-7f1d84c51000 ---p 00000000 00:00 0 
7f1d84c51000-7f1d8c000000 r--s 00000000 08:05 5113160                    /usr/lib/jvm/java-9-openjdk-amd64/lib/modules
7f1d8c000000-7f1d8c2d5000 rw-p 00000000 00:00 0 
7f1d8c2d5000-7f1d90000000 ---p 00000000 00:00 0 
7f1d9005f000-7f1d90724000 rw-p 00000000 00:00 0 
7f1d90724000-7f1d90725000 ---p 00000000 00:00 0 
7f1d90725000-7f1d90825000 rw-p 00000000 00:00 0 
7f1d90825000-7f1d90826000 ---p 00000000 00:00 0 
7f1d90826000-7f1d90964000 rw-p 00000000 00:00 0 
7f1d90964000-7f1d90cfe000 ---p 00000000 00:00 0 
7f1d90cfe000-7f1d90d3c000 rw-p 00000000 00:00 0 
7f1d90d3c000-7f1d914ae000 ---p 00000000 00:00 0 
7f1d914ae000-7f1d914ec000 rw-p 00000000 00:00 0 
7f1d914ec000-7f1d91886000 ---p 00000000 00:00 0 
7f1d91886000-7f1d91887000 ---p 00000000 00:00 0 
7f1d91887000-7f1d91987000 rw-p 00000000 00:00 0 
7f1d91987000-7f1d91988000 ---p 00000000 00:00 0 
7f1d91988000-7f1d91a88000 rw-p 00000000 00:00 0 
7f1d91a88000-7f1d91a89000 ---p 00000000 00:00 0 
7f1d91a89000-7f1d91b89000 rw-p 00000000 00:00 0 
7f1d91b89000-7f1d91b8a000 ---p 00000000 00:00 0 
7f1d91b8a000-7f1d91c8a000 rw-p 00000000 00:00 0 
7f1d91c8a000-7f1d91c8b000 ---p 00000000 00:00 0 
7f1d91c8b000-7f1d9218f000 rw-p 00000000 00:00 0 
7f1d9218f000-7f1d92190000 ---p 00000000 00:00 0 
7f1d92190000-7f1d92290000 rw-p 00000000 00:00 0 
7f1d92290000-7f1d92291000 ---p 00000000 00:00 0 
7f1d92291000-7f1d92391000 rw-p 00000000 00:00 0 
7f1d92391000-7f1d92392000 ---p 00000000 00:00 0 
7f1d92392000-7f1d92492000 rw-p 00000000 00:00 0 
7f1d92492000-7f1d92493000 ---p 00000000 00:00 0 
7f1d92493000-7f1d92598000 rw-p 00000000 00:00 0 
7f1d92598000-7f1d9267e000 ---p 00000000 00:00 0 
7f1d9267e000-7f1d92683000 rw-p 00000000 00:00 0 
7f1d92683000-7f1d92769000 ---p 00000000 00:00 0 
7f1d92769000-7f1d9276e000 r-xp 00000000 08:05 5113190                    /usr/lib/jvm/java-9-openjdk-amd64/lib/amd64/libjimage.so
7f1d9276e000-7f1d9296d000 ---p 00005000 08:05 5113190                    /usr/lib/jvm/java-9-openjdk-amd64/lib/amd64/libjimage.so
7f1d9296d000-7f1d9296e000 r--p 00004000 08:05 5113190                    /usr/lib/jvm/java-9-openjdk-amd64/lib/amd64/libjimage.so
7f1d9296e000-7f1d9296f000 rw-p 00005000 08:05 5113190                    /usr/lib/jvm/java-9-openjdk-amd64/lib/amd64/libjimage.so
7f1d9296f000-7f1d92976000 r-xp 00000000 08:05 5113186                    /usr/lib/jvm/java-9-openjdk-amd64/lib/amd64/libzip.so
7f1d92976000-7f1d92b75000 ---p 00007000 08:05 5113186                    /usr/lib/jvm/java-9-openjdk-amd64/lib/amd64/libzip.so
7f1d92b75000-7f1d92b76000 r--p 00006000 08:05 5113186                    /usr/lib/jvm/java-9-openjdk-amd64/lib/amd64/libzip.so
7f1d92b76000-7f1d92b77000 rw-p 00007000 08:05 5113186                    /usr/lib/jvm/java-9-openjdk-amd64/lib/amd64/libzip.so
7f1d92b77000-7f1d92b82000 r-xp 00000000 08:05 2641410                    /lib/x86_64-linux-gnu/libnss_files-2.23.so
7f1d92b82000-7f1d92d81000 ---p 0000b000 08:05 2641410                    /lib/x86_64-linux-gnu/libnss_files-2.23.so
7f1d92d81000-7f1d92d82000 r--p 0000a000 08:05 2641410                    /lib/x86_64-linux-gnu/libnss_files-2.23.so
7f1d92d82000-7f1d92d83000 rw-p 0000b000 08:05 2641410                    /lib/x86_64-linux-gnu/libnss_files-2.23.so
7f1d92d83000-7f1d92d89000 rw-p 00000000 00:00 0 
7f1d92d89000-7f1d92d94000 r-xp 00000000 08:05 2641395                    /lib/x86_64-linux-gnu/libnss_nis-2.23.so
7f1d92d94000-7f1d92f93000 ---p 0000b000 08:05 2641395                    /lib/x86_64-linux-gnu/libnss_nis-2.23.so
7f1d92f93000-7f1d92f94000 r--p 0000a000 08:05 2641395                    /lib/x86_64-linux-gnu/libnss_nis-2.23.so
7f1d92f94000-7f1d92f95000 rw-p 0000b000 08:05 2641395                    /lib/x86_64-linux-gnu/libnss_nis-2.23.so
7f1d92f95000-7f1d92fab000 r-xp 00000000 08:05 2641406                    /lib/x86_64-linux-gnu/libnsl-2.23.so
7f1d92fab000-7f1d931aa000 ---p 00016000 08:05 2641406                    /lib/x86_64-linux-gnu/libnsl-2.23.so
7f1d931aa000-7f1d931ab000 r--p 00015000 08:05 2641406                    /lib/x86_64-linux-gnu/libnsl-2.23.so
7f1d931ab000-7f1d931ac000 rw-p 00016000 08:05 2641406                    /lib/x86_64-linux-gnu/libnsl-2.23.so
7f1d931ac000-7f1d931ae000 rw-p 00000000 00:00 0 
7f1d931ae000-7f1d931b6000 r-xp 00000000 08:05 2641407                    /lib/x86_64-linux-gnu/libnss_compat-2.23.so
7f1d931b6000-7f1d933b5000 ---p 00008000 08:05 2641407                    /lib/x86_64-linux-gnu/libnss_compat-2.23.so
7f1d933b5000-7f1d933b6000 r--p 00007000 08:05 2641407                    /lib/x86_64-linux-gnu/libnss_compat-2.23.so
7f1d933b6000-7f1d933b7000 rw-p 00008000 08:05 2641407                    /lib/x86_64-linux-gnu/libnss_compat-2.23.so
7f1d933b7000-7f1d933f3000 r-xp 00000000 08:05 5113165                    /usr/lib/jvm/java-9-openjdk-amd64/lib/amd64/libjdwp.so
7f1d933f3000-7f1d935f3000 ---p 0003c000 08:05 5113165                    /usr/lib/jvm/java-9-openjdk-amd64/lib/amd64/libjdwp.so
7f1d935f3000-7f1d935f4000 r--p 0003c000 08:05 5113165                    /usr/lib/jvm/java-9-openjdk-amd64/lib/amd64/libjdwp.so
7f1d935f4000-7f1d935f5000 rw-p 0003d000 08:05 5113165                    /usr/lib/jvm/java-9-openjdk-amd64/lib/amd64/libjdwp.so
7f1d935f5000-7f1d935f6000 rw-p 00000000 00:00 0 
7f1d935f6000-7f1d93621000 r-xp 00000000 08:05 5113169                    /usr/lib/jvm/java-9-openjdk-amd64/lib/amd64/libjava.so
7f1d93621000-7f1d93820000 ---p 0002b000 08:05 5113169                    /usr/lib/jvm/java-9-openjdk-amd64/lib/amd64/libjava.so
7f1d93820000-7f1d93821000 r--p 0002a000 08:05 5113169                    /usr/lib/jvm/java-9-openjdk-amd64/lib/amd64/libjava.so
7f1d93821000-7f1d93823000 rw-p 0002b000 08:05 5113169                    /usr/lib/jvm/java-9-openjdk-amd64/lib/amd64/libjava.so
7f1d93823000-7f1d93830000 r-xp 00000000 08:05 5113170                    /usr/lib/jvm/java-9-openjdk-amd64/lib/amd64/libverify.so
7f1d93830000-7f1d93a2f000 ---p 0000d000 08:05 5113170                    /usr/lib/jvm/java-9-openjdk-amd64/lib/amd64/libverify.so
7f1d93a2f000-7f1d93a31000 r--p 0000c000 08:05 5113170                    /usr/lib/jvm/java-9-openjdk-amd64/lib/amd64/libverify.so
7f1d93a31000-7f1d93a32000 rw-p 0000e000 08:05 5113170                    /usr/lib/jvm/java-9-openjdk-amd64/lib/amd64/libverify.so
7f1d93a32000-7f1d93a39000 r-xp 00000000 08:05 2641394                    /lib/x86_64-linux-gnu/librt-2.23.so
7f1d93a39000-7f1d93c38000 ---p 00007000 08:05 2641394                    /lib/x86_64-linux-gnu/librt-2.23.so
7f1d93c38000-7f1d93c39000 r--p 00006000 08:05 2641394                    /lib/x86_64-linux-gnu/librt-2.23.so
7f1d93c39000-7f1d93c3a000 rw-p 00007000 08:05 2641394                    /lib/x86_64-linux-gnu/librt-2.23.so
7f1d93c3a000-7f1d93c50000 r-xp 00000000 08:05 2626067                    /lib/x86_64-linux-gnu/libgcc_s.so.1
7f1d93c50000-7f1d93e4f000 ---p 00016000 08:05 2626067                    /lib/x86_64-linux-gnu/libgcc_s.so.1
7f1d93e4f000-7f1d93e50000 rw-p 00015000 08:05 2626067                    /lib/x86_64-linux-gnu/libgcc_s.so.1
7f1d93e50000-7f1d93f58000 r-xp 00000000 08:05 2641404                    /lib/x86_64-linux-gnu/libm-2.23.so
7f1d93f58000-7f1d94157000 ---p 00108000 08:05 2641404                    /lib/x86_64-linux-gnu/libm-2.23.so
7f1d94157000-7f1d94158000 r--p 00107000 08:05 2641404                    /lib/x86_64-linux-gnu/libm-2.23.so
7f1d94158000-7f1d94159000 rw-p 00108000 08:05 2641404                    /lib/x86_64-linux-gnu/libm-2.23.so
7f1d94159000-7f1d942cb000 r-xp 00000000 08:05 4458298                    /usr/lib/x86_64-linux-gnu/libstdc++.so.6.0.21
7f1d942cb000-7f1d944cb000 ---p 00172000 08:05 4458298                    /usr/lib/x86_64-linux-gnu/libstdc++.so.6.0.21
7f1d944cb000-7f1d944d5000 r--p 00172000 08:05 4458298                    /usr/lib/x86_64-linux-gnu/libstdc++.so.6.0.21
7f1d944d5000-7f1d944d7000 rw-p 0017c000 08:05 4458298                    /usr/lib/x86_64-linux-gnu/libstdc++.so.6.0.21
7f1d944d7000-7f1d944db000 rw-p 00000000 00:00 0 
7f1d944db000-7f1d95339000 r-xp 00000000 08:05 5113183                    /usr/lib/jvm/java-9-openjdk-amd64/lib/amd64/server/libjvm.so
7f1d95339000-7f1d95539000 ---p 00e5e000 08:05 5113183                    /usr/lib/jvm/java-9-openjdk-amd64/lib/amd64/server/libjvm.so
7f1d95539000-7f1d955eb000 r--p 00e5e000 08:05 5113183                    /usr/lib/jvm/java-9-openjdk-amd64/lib/amd64/server/libjvm.so
7f1d955eb000-7f1d9561d000 rw-p 00f10000 08:05 5113183                    /usr/lib/jvm/java-9-openjdk-amd64/lib/amd64/server/libjvm.so
7f1d9561d000-7f1d95662000 rw-p 00000000 00:00 0 
7f1d95662000-7f1d9567a000 r-xp 00000000 08:05 2641405                    /lib/x86_64-linux-gnu/libpthread-2.23.so
7f1d9567a000-7f1d95879000 ---p 00018000 08:05 2641405                    /lib/x86_64-linux-gnu/libpthread-2.23.so
7f1d95879000-7f1d9587a000 r--p 00017000 08:05 2641405                    /lib/x86_64-linux-gnu/libpthread-2.23.so
7f1d9587a000-7f1d9587b000 rw-p 00018000 08:05 2641405                    /lib/x86_64-linux-gnu/libpthread-2.23.so
7f1d9587b000-7f1d9587f000 rw-p 00000000 00:00 0 
7f1d9587f000-7f1d95882000 r-xp 00000000 08:05 2641398                    /lib/x86_64-linux-gnu/libdl-2.23.so
7f1d95882000-7f1d95a81000 ---p 00003000 08:05 2641398                    /lib/x86_64-linux-gnu/libdl-2.23.so
7f1d95a81000-7f1d95a82000 r--p 00002000 08:05 2641398                    /lib/x86_64-linux-gnu/libdl-2.23.so
7f1d95a82000-7f1d95a83000 rw-p 00003000 08:05 2641398                    /lib/x86_64-linux-gnu/libdl-2.23.so
7f1d95a83000-7f1d95a9c000 r-xp 00000000 08:05 2626219                    /lib/x86_64-linux-gnu/libz.so.1.2.8
7f1d95a9c000-7f1d95c9b000 ---p 00019000 08:05 2626219                    /lib/x86_64-linux-gnu/libz.so.1.2.8
7f1d95c9b000-7f1d95c9c000 r--p 00018000 08:05 2626219                    /lib/x86_64-linux-gnu/libz.so.1.2.8
7f1d95c9c000-7f1d95c9d000 rw-p 00019000 08:05 2626219                    /lib/x86_64-linux-gnu/libz.so.1.2.8
7f1d95c9d000-7f1d95e5c000 r-xp 00000000 08:05 2641399                    /lib/x86_64-linux-gnu/libc-2.23.so
7f1d95e5c000-7f1d9605c000 ---p 001bf000 08:05 2641399                    /lib/x86_64-linux-gnu/libc-2.23.so
7f1d9605c000-7f1d96060000 r--p 001bf000 08:05 2641399                    /lib/x86_64-linux-gnu/libc-2.23.so
7f1d96060000-7f1d96062000 rw-p 001c3000 08:05 2641399                    /lib/x86_64-linux-gnu/libc-2.23.so
7f1d96062000-7f1d96066000 rw-p 00000000 00:00 0 
7f1d96066000-7f1d96074000 r-xp 00000000 08:05 5243140                    /usr/lib/jvm/java-9-openjdk-amd64/lib/amd64/jli/libjli.so
7f1d96074000-7f1d96273000 ---p 0000e000 08:05 5243140                    /usr/lib/jvm/java-9-openjdk-amd64/lib/amd64/jli/libjli.so
7f1d96273000-7f1d96274000 r--p 0000d000 08:05 5243140                    /usr/lib/jvm/java-9-openjdk-amd64/lib/amd64/jli/libjli.so
7f1d96274000-7f1d96275000 rw-p 0000e000 08:05 5243140                    /usr/lib/jvm/java-9-openjdk-amd64/lib/amd64/jli/libjli.so
7f1d96275000-7f1d9629b000 r-xp 00000000 08:05 2633178                    /lib/x86_64-linux-gnu/ld-2.23.so
7f1d962d1000-7f1d96375000 rw-p 00000000 00:00 0 
7f1d96375000-7f1d96379000 ---p 00000000 00:00 0 
7f1d96379000-7f1d9647b000 rw-p 00000000 00:00 0 
7f1d9647b000-7f1d96482000 r--s 00000000 08:05 4608965                    /usr/lib/x86_64-linux-gnu/gconv/gconv-modules.cache
7f1d96482000-7f1d96487000 rw-p 00000000 00:00 0 
7f1d96487000-7f1d9648e000 ---p 00000000 00:00 0 
7f1d9648e000-7f1d96496000 rw-s 00000000 08:05 6296162                    /tmp/hsperfdata_caw0086/19195
7f1d96496000-7f1d96497000 rw-p 00000000 00:00 0 
7f1d96497000-7f1d96498000 ---p 00000000 00:00 0 
7f1d96498000-7f1d9649a000 rw-p 00000000 00:00 0 
7f1d9649a000-7f1d9649b000 r--p 00025000 08:05 2633178                    /lib/x86_64-linux-gnu/ld-2.23.so
7f1d9649b000-7f1d9649c000 rw-p 00026000 08:05 2633178                    /lib/x86_64-linux-gnu/ld-2.23.so
7f1d9649c000-7f1d9649d000 rw-p 00000000 00:00 0 
7ffec2c21000-7ffec2c42000 rw-p 00000000 00:00 0                          [stack]
7ffec2c4d000-7ffec2c4f000 r--p 00000000 00:00 0                          [vvar]
7ffec2c4f000-7ffec2c51000 r-xp 00000000 00:00 0                          [vdso]
ffffffffff600000-ffffffffff601000 r-xp 00000000 00:00 0                  [vsyscall]

VM Arguments:
jvm_args: -agentlib:jdwp=transport=dt_socket,address=127.0.0.1:39017,suspend=y,server=n -Dfile.encoding=UTF-8 
java_command: A3.ExtractorClient
java_class_path (initial): /home/caw0086/IdeaProjects/COMP2210-Assignments/out/production/COMP2210:/home/caw0086/idea-IU-163.11103.6/lib/idea_rt.jar
Launcher Type: SUN_STANDARD

Environment Variables:
PATH=/home/caw0086/bin:/home/caw0086/.local/bin:/usr/local/sbin:/usr/local/bin:/usr/sbin:/usr/bin:/sbin:/bin:/usr/games:/usr/local/games
LD_LIBRARY_PATH=/home/caw0086/idea-IU-163.11103.6/bin:
SHELL=/bin/bash
DISPLAY=:0

Signal Handlers:
SIGSEGV: [libjvm.so+0xc12c20], sa_mask[0]=11111111011111111101111111111110, sa_flags=SA_RESTART|SA_SIGINFO
SIGBUS: [libjvm.so+0xc12c20], sa_mask[0]=11111111011111111101111111111110, sa_flags=SA_RESTART|SA_SIGINFO
SIGFPE: [libjvm.so+0xc12c20], sa_mask[0]=11111111011111111101111111111110, sa_flags=SA_RESTART|SA_SIGINFO
SIGPIPE: [libjvm.so+0xa3b600], sa_mask[0]=11111111011111111101111111111110, sa_flags=SA_RESTART|SA_SIGINFO
SIGXFSZ: [libjvm.so+0xa3b600], sa_mask[0]=11111111011111111101111111111110, sa_flags=SA_RESTART|SA_SIGINFO
SIGILL: [libjvm.so+0xc12c20], sa_mask[0]=11111111011111111101111111111110, sa_flags=SA_RESTART|SA_SIGINFO
SIGUSR2: [libjvm.so+0xa3b4a0], sa_mask[0]=00100000000000000000000000000000, sa_flags=SA_RESTART|SA_SIGINFO
SIGHUP: [libjvm.so+0xa3b870], sa_mask[0]=11111111011111111101111111111110, sa_flags=SA_RESTART|SA_SIGINFO
SIGINT: [libjvm.so+0xa3b870], sa_mask[0]=11111111011111111101111111111110, sa_flags=SA_RESTART|SA_SIGINFO
SIGTERM: [libjvm.so+0xa3b870], sa_mask[0]=11111111011111111101111111111110, sa_flags=SA_RESTART|SA_SIGINFO
SIGQUIT: [libjvm.so+0xa3b870], sa_mask[0]=11111111011111111101111111111110, sa_flags=SA_RESTART|SA_SIGINFO


---------------  S Y S T E M  ---------------

OS:DISTRIB_ID="elementary"
DISTRIB_RELEASE=0.4
DISTRIB_CODENAME=loki
DISTRIB_DESCRIPTION="elementary OS 0.4 Loki"
uname:Linux 4.4.0-59-generic #80-Ubuntu SMP Fri Jan 6 17:47:47 UTC 2017 x86_64
libc:glibc 2.23 NPTL 2.23 
rlimit: STACK 8192k, CORE 0k, NPROC 31045, NOFILE 65536, AS infinity
load average:0.80 1.02 1.09

/proc/meminfo:
MemTotal:        8055824 kB
MemFree:          325856 kB
MemAvailable:    1339616 kB
Buffers:          291676 kB
Cached:          1141780 kB
SwapCached:         1072 kB
Active:          5680152 kB
Inactive:        1501916 kB
Active(anon):    5146532 kB
Inactive(anon):  1079272 kB
Active(file):     533620 kB
Inactive(file):   422644 kB
Unevictable:          32 kB
Mlocked:              32 kB
SwapTotal:       8269820 kB
SwapFree:        7982104 kB
Dirty:               836 kB
Writeback:             0 kB
AnonPages:       5747912 kB
Mapped:           507728 kB
Shmem:            477120 kB
Slab:             408400 kB
SReclaimable:     365444 kB
SUnreclaim:        42956 kB
KernelStack:       16256 kB
PageTables:        50204 kB
NFS_Unstable:          0 kB
Bounce:                0 kB
WritebackTmp:          0 kB
CommitLimit:    12297732 kB
Committed_AS:   12309852 kB
VmallocTotal:   34359738367 kB
VmallocUsed:           0 kB
VmallocChunk:          0 kB
HardwareCorrupted:     0 kB
AnonHugePages:   1994752 kB
CmaTotal:              0 kB
CmaFree:               0 kB
HugePages_Total:       0
HugePages_Free:        0
HugePages_Rsvd:        0
HugePages_Surp:        0
Hugepagesize:       2048 kB
DirectMap4k:      171628 kB
DirectMap2M:     7049216 kB
DirectMap1G:     2097152 kB


CPU:total 4 (2 cores per cpu, 2 threads per core) family 6 model 142 stepping 9, cmov, cx8, fxsr, mmx, sse, sse2, sse3, ssse3, sse4.1, sse4.2, popcnt, avx, avx2, aes, clmul, erms, 3dnowpref, lzcnt, ht, tsc, tscinvbit, bmi1, bmi2, adx

CPU Model and flags from /proc/cpuinfo:
model name	: Intel(R) Core(TM) i5-7200U CPU @ 2.50GHz
flags		: fpu vme de pse tsc msr pae mce cx8 apic sep mtrr pge mca cmov pat pse36 clflush dts acpi mmx fxsr sse sse2 ss ht tm pbe syscall nx pdpe1gb rdtscp lm constant_tsc art arch_perfmon pebs bts rep_good nopl xtopology nonstop_tsc aperfmperf eagerfpu pni pclmulqdq dtes64 monitor ds_cpl vmx est tm2 ssse3 sdbg fma cx16 xtpr pdcm pcid sse4_1 sse4_2 x2apic movbe popcnt tsc_deadline_timer aes xsave avx f16c rdrand lahf_lm abm 3dnowprefetch epb intel_pt tpr_shadow vnmi flexpriority ept vpid fsgsbase tsc_adjust bmi1 avx2 smep bmi2 erms invpcid mpx rdseed adx smap clflushopt xsaveopt xsavec xgetbv1 dtherm ida arat pln pts hwp hwp_notify hwp_act_window hwp_epp

Memory: 4k page, physical 8055824k(325856k free), swap 8269820k(7982104k free)

vm_info: OpenJDK 64-Bit Server VM (9-internal+0-2016-04-14-195246.buildd.src) for linux-amd64 JRE (9-internal+0-2016-04-14-195246.buildd.src), built on Apr 14 2016 20:05:37 by "buildd" with gcc 5.3.1 20160413

END.
